#
# A fatal error has been detected by the Java Runtime Environment:
#
#  SIGSEGV (0xb) at pc=0x0000000123dc8144, pid=1260, tid=0x0000000000000307
#
# JRE version: Java(TM) SE Runtime Environment (8.0_181-b13) (build 1.8.0_181-b13)
# Java VM: Java HotSpot(TM) 64-Bit Server VM (25.181-b13 mixed mode bsd-amd64 compressed oops)
# Problematic frame:
# C  [libjfxwebkit.dylib+0x5d8144]  WebCore::FrameTree::top() const+0x4
#
# Failed to write core dump. Core dumps have been disabled. To enable core dumping, try "ulimit -c unlimited" before starting Java again
#
# If you would like to submit a bug report, please visit:
#   http://bugreport.java.com/bugreport/crash.jsp
# The crash happened outside the Java Virtual Machine in native code.
# See problematic frame for where to report the bug.
#

---------------  T H R E A D  ---------------

Current thread (0x00007fc825914800):  JavaThread "JavaFX Application Thread" [_thread_in_native, id=775, stack(0x00007ffee71c4000,0x00007ffee79c4000)]

siginfo: si_signo: 11 (SIGSEGV), si_code: 1 (SEGV_MAPERR), si_addr: 0x0000000000000040

Registers:
RAX=0x000000011fa01000, RBX=0x000000012bf81401, RCX=0x0000000000000000, RDX=0x00007ffee79bd680
RSP=0x00007ffee79bd5b0, RBP=0x00007ffee79bd5b0, RSI=0x0000000000000000, RDI=0x0000000000000040
R8 =0x000000012746eab8, R9 =0x0000000000000022, R10=0x0000000000000095, R11=0x0000000133befc80
R12=0x00007ffee79bd680, R13=0x000000000000001e, R14=0x00007ffee79bd618, R15=0x0000000000000000
RIP=0x0000000123dc8144, EFLAGS=0x0000000000010246, ERR=0x0000000000000004
  TRAPNO=0x000000000000000e

Top of Stack: (sp=0x00007ffee79bd5b0)
0x00007ffee79bd5b0:   00007ffee79bd600 0000000123e28e5d
0x00007ffee79bd5c0:   00007ffee79bd618 00000001277a9101
0x00007ffee79bd5d0:   00007ffee79bd600 000000012bf81410
0x00007ffee79bd5e0:   0000000000000000 000000000000001e
0x00007ffee79bd5f0:   00000001275701f0 00000001277a9100
0x00007ffee79bd600:   00007ffee79bd730 0000000123d015d5
0x00007ffee79bd610:   00007ffee79bd630 0000000000000000
0x00007ffee79bd620:   0000000000000000 000000012bfcf8a0
0x00007ffee79bd630:   000000012744c9a0 0000000133befc80
0x00007ffee79bd640:   0000000100000010 0000000000000000
0x00007ffee79bd650:   0000000000000000 0000010000000000
0x00007ffee79bd660:   0000000000000000 0000000000000000
0x00007ffee79bd670:   0000000000000000 0000000000000000
0x00007ffee79bd680:   000000012bf61120 000000052516a0f3
0x00007ffee79bd690:   0000000800000008 0000001200000008
0x00007ffee79bd6a0:   0000001900000012 0000002500000025
0x00007ffee79bd6b0:   000000012bf21af0 0000000126a4bfc8
0x00007ffee79bd6c0:   000000011fa02718 00007ffee79bda30
0x00007ffee79bd6d0:   000000011fa02718 0000000000000000
0x00007ffee79bd6e0:   00007ffee79bd710 00000001251b0437
0x00007ffee79bd6f0:   000000011fa02718 0000000000000000
0x00007ffee79bd700:   0000000100000000 00000001275701f0
0x00007ffee79bd710:   00007ffee79bda30 0000000123d40640
0x00007ffee79bd720:   0000000127570080 00007ffee79bd748
0x00007ffee79bd730:   00007ffee79bd780 0000000123d6d34f
0x00007ffee79bd740:   0000000127570080 0000000127570088
0x00007ffee79bd750:   000000012e6b1900 0000000100000001
0x00007ffee79bd760:   0000000000000001 00007ffee79bda30
0x00007ffee79bd770:   0000000127574700 00000001382fd120
0x00007ffee79bd780:   00007ffee79bda20 0000000123d4734c
0x00007ffee79bd790:   00007fc8259149f8 0000000000000000
0x00007ffee79bd7a0:   00000007403c3f80 00007ffee79beb90 

Instructions: (pc=0x0000000123dc8144)
0x0000000123dc8124:   d2 fa ff ff 0c fe ff ff fb fc ff ff ae fb ff ff
0x0000000123dc8134:   66 66 66 2e 0f 1f 84 00 00 00 00 00 55 48 89 e5
0x0000000123dc8144:   48 8b 0f 48 85 c9 74 12 0f 1f 40 00 48 89 c8 48
0x0000000123dc8154:   8b 49 48 48 85 c9 75 f4 eb 02 31 c0 5d c3 66 66 

Register to memory mapping:

RAX=0x000000011fa01000 is an unknown value
RBX=0x000000012bf81401 is an unknown value
RCX=0x0000000000000000 is an unknown value
RDX=0x00007ffee79bd680 is pointing into the stack for thread: 0x00007fc825914800
RSP=0x00007ffee79bd5b0 is pointing into the stack for thread: 0x00007fc825914800
RBP=0x00007ffee79bd5b0 is pointing into the stack for thread: 0x00007fc825914800
RSI=0x0000000000000000 is an unknown value
RDI=0x0000000000000040 is an unknown value
R8 =0x000000012746eab8 is an unknown value
R9 =0x0000000000000022 is an unknown value
R10=0x0000000000000095 is an unknown value
R11=0x0000000133befc80 is an unknown value
R12=0x00007ffee79bd680 is pointing into the stack for thread: 0x00007fc825914800
R13=0x000000000000001e is an unknown value
R14=0x00007ffee79bd618 is pointing into the stack for thread: 0x00007fc825914800
R15=0x0000000000000000 is an unknown value


Stack: [0x00007ffee71c4000,0x00007ffee79c4000],  sp=0x00007ffee79bd5b0,  free space=8165k
Native frames: (J=compiled Java code, j=interpreted, Vv=VM code, C=native code)
C  [libjfxwebkit.dylib+0x5d8144]  WebCore::FrameTree::top() const+0x4
C  [libjfxwebkit.dylib+0x638e5d]  WebCore::ContentSecurityPolicy::allowFrameAncestors(WebCore::Frame const&, WebCore::URL const&, bool) const+0x2d
C  [libjfxwebkit.dylib+0x5115d5]  WebCore::DocumentLoader::responseReceived(WebCore::ResourceResponse const&)+0x185
C  [libjfxwebkit.dylib+0x57d34f]  WebCore::CachedRawResource::responseReceived(WebCore::ResourceResponse const&)+0x16f
C  [libjfxwebkit.dylib+0x55734c]  WebCore::SubresourceLoader::didReceiveResponse(WebCore::ResourceResponse const&)+0x24c
C  [libjfxwebkit.dylib+0xad8752]  WebCore::URLLoader::AsynchronousTarget::didReceiveResponse(WebCore::ResourceResponse const&)+0x62
C  [libjfxwebkit.dylib+0xad9866]  Java_com_sun_webkit_network_URLLoader_twkDidReceiveResponse+0x76
j  com.sun.webkit.network.URLLoader.twkDidReceiveResponse(ILjava/lang/String;Ljava/lang/String;JLjava/lang/String;Ljava/lang/String;J)V+0
j  com.sun.webkit.network.URLLoader.notifyDidReceiveResponse(ILjava/lang/String;Ljava/lang/String;JLjava/lang/String;Ljava/lang/String;)V+91
j  com.sun.webkit.network.URLLoader.lambda$didReceiveResponse$103(ILjava/lang/String;Ljava/lang/String;JLjava/lang/String;Ljava/lang/String;)V+17
j  com.sun.webkit.network.URLLoader$$Lambda$105.run()V+28
J 2551 C1 com.sun.javafx.application.PlatformImpl$$Lambda$49.run()Ljava/lang/Object; (8 bytes) @ 0x000000010ab4a4cc [0x000000010ab4a380+0x14c]
v  ~StubRoutines::call_stub
V  [libjvm.dylib+0x2efcba]  JavaCalls::call_helper(JavaValue*, methodHandle*, JavaCallArguments*, Thread*)+0x6ae
V  [libjvm.dylib+0x3505b0]  JVM_DoPrivileged+0x4b8
J 1716  java.security.AccessController.doPrivileged(Ljava/security/PrivilegedAction;Ljava/security/AccessControlContext;)Ljava/lang/Object; (0 bytes) @ 0x000000010a9e8c55 [0x000000010a9e8b80+0xd5]
J 2548 C1 com.sun.javafx.application.PlatformImpl.lambda$runLater$173(Ljava/lang/Runnable;Ljava/security/AccessControlContext;)V (38 bytes) @ 0x000000010aa46af4 [0x000000010aa46780+0x374]
J 2061 C1 com.sun.javafx.application.PlatformImpl$$Lambda$48.run()V (12 bytes) @ 0x000000010aaba74c [0x000000010aaba6c0+0x8c]
J 2022 C1 com.sun.glass.ui.InvokeLaterDispatcher$Future.run()V (91 bytes) @ 0x000000010aaad914 [0x000000010aaad800+0x114]
v  ~StubRoutines::call_stub
V  [libjvm.dylib+0x2efcba]  JavaCalls::call_helper(JavaValue*, methodHandle*, JavaCallArguments*, Thread*)+0x6ae
V  [libjvm.dylib+0x326ff8]  jni_invoke_nonstatic(JNIEnv_*, JavaValue*, _jobject*, JNICallType, _jmethodID*, JNI_ArgumentPusher*, Thread*)+0x2ec
V  [libjvm.dylib+0x3197db]  jni_CallVoidMethod+0x16b
C  [libglass.dylib+0x492c]  -[GlassRunnable run]+0x6c
C  [Foundation+0xb0302]  __NSThreadPerformPerform+0x148
C  [CoreFoundation+0x57de3]  __CFRUNLOOP_IS_CALLING_OUT_TO_A_SOURCE0_PERFORM_FUNCTION__+0x11
C  [CoreFoundation+0x57d89]  __CFRunLoopDoSource0+0x6c
C  [CoreFoundation+0x3b74b]  __CFRunLoopDoSources0+0xc3
C  [CoreFoundation+0x3ad15]  __CFRunLoopRun+0x4a5
C  [CoreFoundation+0x3a61e]  CFRunLoopRunSpecific+0x1c7
C  [HIToolbox+0xb1ab]  RunCurrentEventLoopInMode+0x124
C  [HIToolbox+0xaee5]  ReceiveNextEventCommon+0x25b
C  [HIToolbox+0xac76]  _BlockUntilNextEventMatchingListInModeWithFilter+0x40
C  [AppKit+0x1a77d]  _DPSNextEvent+0x46f
C  [AppKit+0x1946b]  -[NSApplication(NSEvent) _nextEventMatchingEventMask:untilDate:inMode:dequeue:]+0x551
C  [AppKit+0x13588]  -[NSApplication run]+0x2bb
C  [libglass.dylib+0x68f9]  -[GlassApplication runLoop:]+0x769
C  [Foundation+0xb0302]  __NSThreadPerformPerform+0x148
C  [CoreFoundation+0x57de3]  __CFRUNLOOP_IS_CALLING_OUT_TO_A_SOURCE0_PERFORM_FUNCTION__+0x11
C  [CoreFoundation+0x57d89]  __CFRunLoopDoSource0+0x6c
C  [CoreFoundation+0x3b74b]  __CFRunLoopDoSources0+0xc3
C  [CoreFoundation+0x3ad15]  __CFRunLoopRun+0x4a5
C  [CoreFoundation+0x3a61e]  CFRunLoopRunSpecific+0x1c7
C  [java+0x646e]  CreateExecutionEnvironment+0x367
C  [java+0x203c]  JLI_Launch+0x7a0
C  [java+0x84cb]  main+0x65
C  [java+0x1894]  start+0x34
C  0x0000000000000006

Java frames: (J=compiled Java code, j=interpreted, Vv=VM code)
j  com.sun.webkit.network.URLLoader.twkDidReceiveResponse(ILjava/lang/String;Ljava/lang/String;JLjava/lang/String;Ljava/lang/String;J)V+0
j  com.sun.webkit.network.URLLoader.notifyDidReceiveResponse(ILjava/lang/String;Ljava/lang/String;JLjava/lang/String;Ljava/lang/String;)V+91
j  com.sun.webkit.network.URLLoader.lambda$didReceiveResponse$103(ILjava/lang/String;Ljava/lang/String;JLjava/lang/String;Ljava/lang/String;)V+17
j  com.sun.webkit.network.URLLoader$$Lambda$105.run()V+28
J 2551 C1 com.sun.javafx.application.PlatformImpl$$Lambda$49.run()Ljava/lang/Object; (8 bytes) @ 0x000000010ab4a4cc [0x000000010ab4a380+0x14c]
v  ~StubRoutines::call_stub
J 1716  java.security.AccessController.doPrivileged(Ljava/security/PrivilegedAction;Ljava/security/AccessControlContext;)Ljava/lang/Object; (0 bytes) @ 0x000000010a9e8be3 [0x000000010a9e8b80+0x63]
J 2548 C1 com.sun.javafx.application.PlatformImpl.lambda$runLater$173(Ljava/lang/Runnable;Ljava/security/AccessControlContext;)V (38 bytes) @ 0x000000010aa46af4 [0x000000010aa46780+0x374]
J 2061 C1 com.sun.javafx.application.PlatformImpl$$Lambda$48.run()V (12 bytes) @ 0x000000010aaba74c [0x000000010aaba6c0+0x8c]
J 2022 C1 com.sun.glass.ui.InvokeLaterDispatcher$Future.run()V (91 bytes) @ 0x000000010aaad914 [0x000000010aaad800+0x114]
v  ~StubRoutines::call_stub

---------------  P R O C E S S  ---------------

Java Threads: ( => current thread )
  0x00007fc825a4d000 JavaThread "URL-Loader-20" daemon [_thread_blocked, id=61955, stack(0x000070000cd9e000,0x000070000ce9e000)]
  0x00007fc825ade000 JavaThread "URL-Loader-19" daemon [_thread_blocked, id=69123, stack(0x000070000cc9b000,0x000070000cd9b000)]
  0x00007fc825add800 JavaThread "URL-Loader-18" daemon [_thread_blocked, id=61699, stack(0x000070000cb98000,0x000070000cc98000)]
  0x00007fc8268f0800 JavaThread "URL-Loader-17" daemon [_thread_blocked, id=69635, stack(0x000070000ca95000,0x000070000cb95000)]
  0x00007fc8260fb800 JavaThread "URL-Loader-16" daemon [_thread_blocked, id=60939, stack(0x000070000c992000,0x000070000ca92000)]
  0x00007fc825ad1000 JavaThread "URL-Loader-15" daemon [_thread_blocked, id=69891, stack(0x000070000c88f000,0x000070000c98f000)]
  0x00007fc825a8c000 JavaThread "URL-Loader-14" daemon [_thread_blocked, id=60419, stack(0x000070000c78c000,0x000070000c88c000)]
  0x00007fc826105000 JavaThread "URL-Loader-13" daemon [_thread_blocked, id=70403, stack(0x000070000c689000,0x000070000c789000)]
  0x00007fc82531a000 JavaThread "URL-Loader-12" daemon [_thread_blocked, id=70659, stack(0x000070000c586000,0x000070000c686000)]
  0x00007fc8261d0000 JavaThread "URL-Loader-11" daemon [_thread_blocked, id=71179, stack(0x000070000c483000,0x000070000c583000)]
  0x00007fc826867800 JavaThread "URL-Loader-10" daemon [_thread_blocked, id=58891, stack(0x000070000c380000,0x000070000c480000)]
  0x00007fc825ad2000 JavaThread "URL-Loader-9" daemon [_thread_blocked, id=59399, stack(0x000070000c27d000,0x000070000c37d000)]
  0x00007fc8262ed800 JavaThread "URL-Loader-8" daemon [_thread_blocked, id=58371, stack(0x000070000c0f7000,0x000070000c1f7000)]
  0x00007fc826022800 JavaThread "URL-Loader-7" daemon [_thread_blocked, id=71939, stack(0x000070000bff4000,0x000070000c0f4000)]
  0x00007fc826022000 JavaThread "URL-Loader-6" daemon [_thread_blocked, id=57603, stack(0x000070000bef1000,0x000070000bff1000)]
  0x00007fc826021000 JavaThread "URL-Loader-5" daemon [_thread_blocked, id=72451, stack(0x000070000bdee000,0x000070000beee000)]
  0x00007fc826020800 JavaThread "URL-Loader-4" daemon [_thread_blocked, id=73083, stack(0x000070000bc68000,0x000070000bd68000)]
  0x00007fc825abb800 JavaThread "Keep-Alive-Timer" daemon [_thread_blocked, id=73231, stack(0x000070000bae2000,0x000070000bbe2000)]
  0x00007fc826b0c000 JavaThread "URL-Loader-3" daemon [_thread_blocked, id=74251, stack(0x000070000b856000,0x000070000b956000)]
  0x00007fc825a79000 JavaThread "URL-Loader-2" daemon [_thread_blocked, id=74519, stack(0x000070000b753000,0x000070000b853000)]
  0x00007fc826131000 JavaThread "URL-Loader-1" daemon [_thread_blocked, id=50179, stack(0x000070000b5cd000,0x000070000b6cd000)]
  0x00007fc82695e800 JavaThread "Attach Listener" daemon [_thread_blocked, id=49923, stack(0x000070000b4ca000,0x000070000b5ca000)]
  0x00007fc825224000 JavaThread "Disposer" daemon [_thread_blocked, id=49427, stack(0x000070000b3c7000,0x000070000b4c7000)]
  0x00007fc826954800 JavaThread "Prism Font Disposer" daemon [_thread_blocked, id=49403, stack(0x000070000b2c4000,0x000070000b3c4000)]
  0x00007fc82694b000 JavaThread "JavaFX-Launcher" [_thread_blocked, id=48135, stack(0x000070000b13e000,0x000070000b23e000)]
  0x00007fc826946000 JavaThread "Thread-3" daemon [_thread_in_native, id=34819, stack(0x000070000b038000,0x000070000b0b8000)]
=>0x00007fc825914800 JavaThread "JavaFX Application Thread" [_thread_in_native, id=775, stack(0x00007ffee71c4000,0x00007ffee79c4000)]
  0x00007fc8260ae000 JavaThread "Thread-1" daemon [_thread_blocked, id=40451, stack(0x000070000ae2f000,0x000070000af2f000)]
  0x00007fc8258f4000 JavaThread "QuantumRenderer-0" daemon [_thread_blocked, id=15619, stack(0x000070000ad2c000,0x000070000ae2c000)]
  0x00007fc82504c800 JavaThread "Service Thread" daemon [_thread_blocked, id=15107, stack(0x000070000ab26000,0x000070000ac26000)]
  0x00007fc82504f800 JavaThread "C1 CompilerThread2" daemon [_thread_blocked, id=14851, stack(0x000070000aa23000,0x000070000ab23000)]
  0x00007fc82504f000 JavaThread "C2 CompilerThread1" daemon [_thread_blocked, id=14595, stack(0x000070000a920000,0x000070000aa20000)]
  0x00007fc826034800 JavaThread "C2 CompilerThread0" daemon [_thread_blocked, id=14083, stack(0x000070000a81d000,0x000070000a91d000)]
  0x00007fc825041000 JavaThread "Monitor Ctrl-Break" daemon [_thread_in_native, id=18947, stack(0x000070000a71a000,0x000070000a81a000)]
  0x00007fc825029000 JavaThread "Signal Dispatcher" daemon [_thread_blocked, id=19459, stack(0x000070000a617000,0x000070000a717000)]
  0x00007fc82581b000 JavaThread "Finalizer" daemon [_thread_blocked, id=20483, stack(0x000070000a514000,0x000070000a614000)]
  0x00007fc825804800 JavaThread "Reference Handler" daemon [_thread_blocked, id=20739, stack(0x000070000a411000,0x000070000a511000)]
  0x00007fc825801800 JavaThread "main" [_thread_blocked, id=6403, stack(0x0000700009dff000,0x0000700009eff000)]

Other Threads:
  0x00007fc825024000 VMThread [stack: 0x000070000a30e000,0x000070000a40e000] [id=11523]
  0x00007fc825051800 WatcherThread [stack: 0x000070000ac29000,0x000070000ad29000] [id=17923]

VM state:not at safepoint (normal execution)

VM Mutex/Monitor currently owned by a thread: None

Heap:
 PSYoungGen      total 125440K, used 10906K [0x0000000795580000, 0x000000079df80000, 0x00000007c0000000)
  eden space 109568K, 9% used [0x0000000795580000,0x0000000795fb7ed8,0x000000079c080000)
  from space 15872K, 2% used [0x000000079d000000,0x000000079d06e940,0x000000079df80000)
  to   space 15872K, 0% used [0x000000079c080000,0x000000079c080000,0x000000079d000000)
 ParOldGen       total 68608K, used 23702K [0x0000000740000000, 0x0000000744300000, 0x0000000795580000)
  object space 68608K, 34% used [0x0000000740000000,0x00000007417259a8,0x0000000744300000)
 Metaspace       used 22691K, capacity 23728K, committed 24064K, reserved 1071104K
  class space    used 2976K, capacity 3205K, committed 3328K, reserved 1048576K

Card table byte_map: [0x0000000109f74000,0x000000010a375000] byte_map_base: 0x0000000106574000

Marking Bits: (ParMarkBitMap*) 0x00000001094f9cd0
 Begin Bits: [0x000000011972d000, 0x000000011b72d000)
 End Bits:   [0x000000011b72d000, 0x000000011d72d000)

Polling page: 0x00000001082b5000

CodeCache: size=245760Kb used=9905Kb max_used=9918Kb free=235854Kb
 bounds [0x000000010a482000, 0x000000010ae42000, 0x0000000119482000]
 total_blobs=3990 nmethods=3223 adapters=680
 compilation: enabled

Compilation events (10 events):
Event: 12.355 Thread 0x00007fc82504f800 3506       3       sun.util.calendar.CalendarDate::setMonth (20 bytes)
Event: 12.355 Thread 0x00007fc82504f800 nmethod 3506 0x000000010ae2b510 code [0x000000010ae2b680, 0x000000010ae2b810]
Event: 12.355 Thread 0x00007fc82504f800 3507       3       sun.util.calendar.CalendarDate::setDayOfMonth (20 bytes)
Event: 12.355 Thread 0x00007fc82504f800 nmethod 3507 0x000000010ae2b190 code [0x000000010ae2b300, 0x000000010ae2b490]
Event: 12.355 Thread 0x00007fc82504f000 3471       4       java.util.regex.Pattern$Node::match (27 bytes)
Event: 12.356 Thread 0x00007fc82504f800 3508   !   3       sun.net.www.protocol.http.HttpURLConnection$HttpInputStream::read (136 bytes)
Event: 12.356 Thread 0x00007fc82504f000 nmethod 3471 0x000000010a63cd90 code [0x000000010a63cee0, 0x000000010a63cf98]
Event: 12.356 Thread 0x00007fc82504f800 nmethod 3508 0x000000010ae2a510 code [0x000000010ae2a6e0, 0x000000010ae2ae78]
Event: 12.356 Thread 0x00007fc82504f800 3509       3       com.sun.crypto.provider.GaloisCounterMode::decryptFinal (279 bytes)
Event: 12.356 Thread 0x00007fc82504f000 3468  s    4       java.lang.StringBuffer::toString (36 bytes)

GC Heap History (10 events):
Event: 12.222 GC heap before
{Heap before GC invocations=12 (full 1):
 PSYoungGen      total 58880K, used 53665K [0x0000000795580000, 0x0000000799d00000, 0x00000007c0000000)
  eden space 44544K, 99% used [0x0000000795580000,0x00000007980f1700,0x0000000798100000)
  from space 14336K, 64% used [0x0000000798f00000,0x00000007997f7048,0x0000000799d00000)
  to   space 14336K, 0% used [0x0000000798100000,0x0000000798100000,0x0000000798f00000)
 ParOldGen       total 45056K, used 28563K [0x0000000740000000, 0x0000000742c00000, 0x0000000795580000)
  object space 45056K, 63% used [0x0000000740000000,0x0000000741be4fd0,0x0000000742c00000)
 Metaspace       used 22534K, capacity 23600K, committed 23808K, reserved 1069056K
  class space    used 2958K, capacity 3205K, committed 3328K, reserved 1048576K
Event: 12.227 GC heap after
Heap after GC invocations=12 (full 1):
 PSYoungGen      total 58880K, used 641K [0x0000000795580000, 0x000000079b780000, 0x00000007c0000000)
  eden space 44544K, 0% used [0x0000000795580000,0x0000000795580000,0x0000000798100000)
  from space 14336K, 4% used [0x0000000798100000,0x00000007981a07f0,0x0000000798f00000)
  to   space 14848K, 0% used [0x000000079a900000,0x000000079a900000,0x000000079b780000)
 ParOldGen       total 45056K, used 37139K [0x0000000740000000, 0x0000000742c00000, 0x0000000795580000)
  object space 45056K, 82% used [0x0000000740000000,0x0000000742444c08,0x0000000742c00000)
 Metaspace       used 22534K, capacity 23600K, committed 23808K, reserved 1069056K
  class space    used 2958K, capacity 3205K, committed 3328K, reserved 1048576K
}
Event: 12.227 GC heap before
{Heap before GC invocations=13 (full 2):
 PSYoungGen      total 58880K, used 641K [0x0000000795580000, 0x000000079b780000, 0x00000007c0000000)
  eden space 44544K, 0% used [0x0000000795580000,0x0000000795580000,0x0000000798100000)
  from space 14336K, 4% used [0x0000000798100000,0x00000007981a07f0,0x0000000798f00000)
  to   space 14848K, 0% used [0x000000079a900000,0x000000079a900000,0x000000079b780000)
 ParOldGen       total 45056K, used 37139K [0x0000000740000000, 0x0000000742c00000, 0x0000000795580000)
  object space 45056K, 82% used [0x0000000740000000,0x0000000742444c08,0x0000000742c00000)
 Metaspace       used 22534K, capacity 23600K, committed 23808K, reserved 1069056K
  class space    used 2958K, capacity 3205K, committed 3328K, reserved 1048576K
Event: 12.249 GC heap after
Heap after GC invocations=13 (full 2):
 PSYoungGen      total 58880K, used 0K [0x0000000795580000, 0x000000079b780000, 0x00000007c0000000)
  eden space 44544K, 0% used [0x0000000795580000,0x0000000795580000,0x0000000798100000)
  from space 14336K, 0% used [0x0000000798100000,0x0000000798100000,0x0000000798f00000)
  to   space 14848K, 0% used [0x000000079a900000,0x000000079a900000,0x000000079b780000)
 ParOldGen       total 68608K, used 23686K [0x0000000740000000, 0x0000000744300000, 0x0000000795580000)
  object space 68608K, 34% used [0x0000000740000000,0x00000007417219a8,0x0000000744300000)
 Metaspace       used 22534K, capacity 23600K, committed 23808K, reserved 1069056K
  class space    used 2958K, capacity 3205K, committed 3328K, reserved 1048576K
}
Event: 12.260 GC heap before
{Heap before GC invocations=14 (full 2):
 PSYoungGen      total 58880K, used 44527K [0x0000000795580000, 0x000000079b780000, 0x00000007c0000000)
  eden space 44544K, 99% used [0x0000000795580000,0x00000007980fbde0,0x0000000798100000)
  from space 14336K, 0% used [0x0000000798100000,0x0000000798100000,0x0000000798f00000)
  to   space 14848K, 0% used [0x000000079a900000,0x000000079a900000,0x000000079b780000)
 ParOldGen       total 68608K, used 23686K [0x0000000740000000, 0x0000000744300000, 0x0000000795580000)
  object space 68608K, 34% used [0x0000000740000000,0x00000007417219a8,0x0000000744300000)
 Metaspace       used 22534K, capacity 23600K, committed 23808K, reserved 1069056K
  class space    used 2958K, capacity 3205K, committed 3328K, reserved 1048576K
Event: 12.262 GC heap after
Heap after GC invocations=14 (full 2):
 PSYoungGen      total 84480K, used 191K [0x0000000795580000, 0x000000079b980000, 0x00000007c0000000)
  eden space 69632K, 0% used [0x0000000795580000,0x0000000795580000,0x0000000799980000)
  from space 14848K, 1% used [0x000000079a900000,0x000000079a92ffa8,0x000000079b780000)
  to   space 15872K, 0% used [0x0000000799980000,0x0000000799980000,0x000000079a900000)
 ParOldGen       total 68608K, used 23686K [0x0000000740000000, 0x0000000744300000, 0x0000000795580000)
  object space 68608K, 34% used [0x0000000740000000,0x00000007417219a8,0x0000000744300000)
 Metaspace       used 22534K, capacity 23600K, committed 23808K, reserved 1069056K
  class space    used 2958K, capacity 3205K, committed 3328K, reserved 1048576K
}
Event: 12.278 GC heap before
{Heap before GC invocations=15 (full 2):
 PSYoungGen      total 84480K, used 69722K [0x0000000795580000, 0x000000079b980000, 0x00000007c0000000)
  eden space 69632K, 99% used [0x0000000795580000,0x0000000799966b38,0x0000000799980000)
  from space 14848K, 1% used [0x000000079a900000,0x000000079a92ffa8,0x000000079b780000)
  to   space 15872K, 0% used [0x0000000799980000,0x0000000799980000,0x000000079a900000)
 ParOldGen       total 68608K, used 23686K [0x0000000740000000, 0x0000000744300000, 0x0000000795580000)
  object space 68608K, 34% used [0x0000000740000000,0x00000007417219a8,0x0000000744300000)
 Metaspace       used 22534K, capacity 23600K, committed 23808K, reserved 1069056K
  class space    used 2958K, capacity 3205K, committed 3328K, reserved 1048576K
Event: 12.279 GC heap after
Heap after GC invocations=15 (full 2):
 PSYoungGen      total 85504K, used 418K [0x0000000795580000, 0x000000079df80000, 0x00000007c0000000)
  eden space 69632K, 0% used [0x0000000795580000,0x0000000795580000,0x0000000799980000)
  from space 15872K, 2% used [0x0000000799980000,0x00000007999e8ba0,0x000000079a900000)
  to   space 15872K, 0% used [0x000000079d000000,0x000000079d000000,0x000000079df80000)
 ParOldGen       total 68608K, used 23686K [0x0000000740000000, 0x0000000744300000, 0x0000000795580000)
  object space 68608K, 34% used [0x0000000740000000,0x00000007417219a8,0x0000000744300000)
 Metaspace       used 22534K, capacity 23600K, committed 23808K, reserved 1069056K
  class space    used 2958K, capacity 3205K, committed 3328K, reserved 1048576K
}
Event: 12.289 GC heap before
{Heap before GC invocations=16 (full 2):
 PSYoungGen      total 85504K, used 69921K [0x0000000795580000, 0x000000079df80000, 0x00000007c0000000)
  eden space 69632K, 99% used [0x0000000795580000,0x000000079995f9b8,0x0000000799980000)
  from space 15872K, 2% used [0x0000000799980000,0x00000007999e8ba0,0x000000079a900000)
  to   space 15872K, 0% used [0x000000079d000000,0x000000079d000000,0x000000079df80000)
 ParOldGen       total 68608K, used 23686K [0x0000000740000000, 0x0000000744300000, 0x0000000795580000)
  object space 68608K, 34% used [0x0000000740000000,0x00000007417219a8,0x0000000744300000)
 Metaspace       used 22534K, capacity 23600K, committed 23808K, reserved 1069056K
  class space    used 2958K, capacity 3205K, committed 3328K, reserved 1048576K
Event: 12.290 GC heap after
Heap after GC invocations=16 (full 2):
 PSYoungGen      total 125440K, used 442K [0x0000000795580000, 0x000000079df80000, 0x00000007c0000000)
  eden space 109568K, 0% used [0x0000000795580000,0x0000000795580000,0x000000079c080000)
  from space 15872K, 2% used [0x000000079d000000,0x000000079d06e940,0x000000079df80000)
  to   space 15872K, 0% used [0x000000079c080000,0x000000079c080000,0x000000079d000000)
 ParOldGen       total 68608K, used 23702K [0x0000000740000000, 0x0000000744300000, 0x0000000795580000)
  object space 68608K, 34% used [0x0000000740000000,0x00000007417259a8,0x0000000744300000)
 Metaspace       used 22534K, capacity 23600K, committed 23808K, reserved 1069056K
  class space    used 2958K, capacity 3205K, committed 3328K, reserved 1048576K
}

Deoptimization events (10 events):
Event: 12.323 Thread 0x00007fc8261d0000 Uncommon trap: reason=unstable_if action=reinterpret pc=0x000000010adb90e0 method=java.util.regex.Pattern$Ctype.isSatisfiedBy(I)Z @ 4
Event: 12.346 Thread 0x00007fc8261d0000 Uncommon trap: reason=unstable_if action=reinterpret pc=0x000000010add6b40 method=sun.text.normalizer.UnicodeSet.findCodePoint(I)I @ 32
Event: 12.356 Thread 0x00007fc8261d0000 Uncommon trap: reason=class_check action=maybe_recompile pc=0x000000010a7c93c8 method=java.io.FilterInputStream.read([B)I @ 5
Event: 12.356 Thread 0x00007fc8261d0000 Uncommon trap: reason=class_check action=maybe_recompile pc=0x000000010ad542bc method=java.util.zip.InflaterInputStream.fill()V @ 19
Event: 12.356 Thread 0x00007fc8261d0000 Uncommon trap: reason=class_check action=maybe_recompile pc=0x000000010ad542bc method=java.util.zip.InflaterInputStream.fill()V @ 19
Event: 12.356 Thread 0x00007fc8261d0000 Uncommon trap: reason=class_check action=maybe_recompile pc=0x000000010a7c93c8 method=java.io.FilterInputStream.read([B)I @ 5
Event: 12.356 Thread 0x00007fc8261d0000 Uncommon trap: reason=class_check action=maybe_recompile pc=0x000000010ad542bc method=java.util.zip.InflaterInputStream.fill()V @ 19
Event: 12.356 Thread 0x00007fc8261d0000 Uncommon trap: reason=class_check action=maybe_recompile pc=0x000000010a7c93c8 method=java.io.FilterInputStream.read([B)I @ 5
Event: 12.356 Thread 0x00007fc8261d0000 Uncommon trap: reason=class_check action=maybe_recompile pc=0x000000010ad542bc method=java.util.zip.InflaterInputStream.fill()V @ 19
Event: 12.356 Thread 0x00007fc8261d0000 Uncommon trap: reason=class_check action=maybe_recompile pc=0x000000010a7c93c8 method=java.io.FilterInputStream.read([B)I @ 5

Classes redefined (0 events):
No events

Internal exceptions (10 events):
Event: 0.240 Thread 0x00007fc825801800 Exception <a 'java/security/PrivilegedActionException'> (0x0000000795a5fc18) thrown at [/Users/java_re/workspace/8-2-build-macosx-x86_64/jdk8u181/11358/hotspot/src/share/vm/prims/jvm.cpp, line 1435]
Event: 0.240 Thread 0x00007fc825801800 Exception <a 'java/lang/NullPointerException'> (0x0000000795a60838) thrown at [/Users/java_re/workspace/8-2-build-macosx-x86_64/jdk8u181/11358/hotspot/src/share/vm/interpreter/linkResolver.cpp, line 1185]
Event: 0.614 Thread 0x00007fc825914800 Exception <a 'java/lang/NullPointerException'> (0x000000079664d1f0) thrown at [/Users/java_re/workspace/8-2-build-macosx-x86_64/jdk8u181/11358/hotspot/src/share/vm/interpreter/linkResolver.cpp, line 1185]
Event: 0.614 Thread 0x00007fc825914800 Exception <a 'java/lang/NullPointerException'> (0x000000079664d1f0) thrown at [/Users/java_re/workspace/8-2-build-macosx-x86_64/jdk8u181/11358/hotspot/src/share/vm/prims/jvm.cpp, line 1439]
Event: 1.155 Thread 0x00007fc825914800 Exception <a 'sun/nio/fs/UnixException'> (0x0000000797169cc0) thrown at [/Users/java_re/workspace/8-2-build-macosx-x86_64/jdk8u181/11358/hotspot/src/share/vm/prims/jni.cpp, line 709]
Event: 1.159 Thread 0x00007fc825914800 Exception <a 'sun/nio/fs/UnixException'> (0x000000079716f560) thrown at [/Users/java_re/workspace/8-2-build-macosx-x86_64/jdk8u181/11358/hotspot/src/share/vm/prims/jni.cpp, line 709]
Event: 1.175 Thread 0x00007fc825914800 Implicit null exception at 0x000000010a749835 to 0x000000010a749bf1
Event: 1.186 Thread 0x00007fc826131000 Implicit null exception at 0x000000010a6ab236 to 0x000000010a6ab5f5
Event: 10.454 Thread 0x00007fc825914800 Exception <a 'java/io/FileNotFoundException'> (0x0000000795814108) thrown at [/Users/java_re/workspace/8-2-build-macosx-x86_64/jdk8u181/11358/hotspot/src/share/vm/prims/jni.cpp, line 709]
Event: 10.454 Thread 0x00007fc825914800 Exception <a 'java/io/FileNotFoundException'> (0x0000000795814ea8) thrown at [/Users/java_re/workspace/8-2-build-macosx-x86_64/jdk8u181/11358/hotspot/src/share/vm/prims/jni.cpp, line 709]

Events (10 events):
Event: 12.356 Thread 0x00007fc8261d0000 DEOPT UNPACKING pc=0x000000010a4c773a sp=0x000070000c581820 mode 2
Event: 12.356 Thread 0x00007fc8261d0000 Uncommon trap: trap_request=0xffffffde fr.pc=0x000000010a7c93c8
Event: 12.356 Thread 0x00007fc8261d0000 DEOPT PACKING pc=0x000000010a7c93c8 sp=0x000070000c5819e0
Event: 12.356 Thread 0x00007fc8261d0000 DEOPT UNPACKING pc=0x000000010a4c773a sp=0x000070000c581990 mode 2
Event: 12.356 Thread 0x00007fc8261d0000 Uncommon trap: trap_request=0xffffffde fr.pc=0x000000010ad542bc
Event: 12.356 Thread 0x00007fc8261d0000 DEOPT PACKING pc=0x000000010ad542bc sp=0x000070000c581850
Event: 12.356 Thread 0x00007fc8261d0000 DEOPT UNPACKING pc=0x000000010a4c773a sp=0x000070000c581820 mode 2
Event: 12.356 Thread 0x00007fc8261d0000 Uncommon trap: trap_request=0xffffffde fr.pc=0x000000010a7c93c8
Event: 12.356 Thread 0x00007fc8261d0000 DEOPT PACKING pc=0x000000010a7c93c8 sp=0x000070000c5819e0
Event: 12.356 Thread 0x00007fc8261d0000 DEOPT UNPACKING pc=0x000000010a4c773a sp=0x000070000c581990 mode 2


Dynamic libraries:
0x00007fff4c921000 	/System/Library/Frameworks/Cocoa.framework/Versions/A/Cocoa
0x00007fff586c5000 	/System/Library/Frameworks/Security.framework/Versions/A/Security
0x00007fff4b5b4000 	/System/Library/Frameworks/ApplicationServices.framework/Versions/A/ApplicationServices
0x00007fff787b3000 	/usr/lib/libz.1.dylib
0x00007fff7610d000 	/usr/lib/libSystem.B.dylib
0x00007fff77944000 	/usr/lib/libobjc.A.dylib
0x00007fff4d196000 	/System/Library/Frameworks/CoreFoundation.framework/Versions/A/CoreFoundation
0x00007fff4f419000 	/System/Library/Frameworks/Foundation.framework/Versions/C/Foundation
0x00007fff4a7ad000 	/System/Library/Frameworks/AppKit.framework/Versions/C/AppKit
0x00007fff4cd1f000 	/System/Library/Frameworks/CoreData.framework/Versions/A/CoreData
0x00007fff6fbd3000 	/System/Library/PrivateFrameworks/RemoteViewServices.framework/Versions/A/RemoteViewServices
0x00007fff73e4a000 	/System/Library/PrivateFrameworks/UIFoundation.framework/Versions/A/UIFoundation
0x00007fff7552e000 	/System/Library/PrivateFrameworks/XCTTargetBootstrap.framework/Versions/A/XCTTargetBootstrap
0x00007fff4d0a5000 	/System/Library/Frameworks/CoreDisplay.framework/Versions/A/CoreDisplay
0x00007fff6a90d000 	/System/Library/PrivateFrameworks/IconServices.framework/Versions/A/IconServices
0x00007fff51d3a000 	/System/Library/Frameworks/Metal.framework/Versions/A/Metal
0x00007fff61e50000 	/System/Library/PrivateFrameworks/DesktopServicesPriv.framework/Versions/A/DesktopServicesPriv
0x00007fff76ca7000 	/usr/lib/libenergytrace.dylib
0x00007fff72331000 	/System/Library/PrivateFrameworks/SkyLight.framework/Versions/A/SkyLight
0x00007fff4d5dd000 	/System/Library/Frameworks/CoreGraphics.framework/Versions/A/CoreGraphics
0x00007fff49579000 	/System/Library/Frameworks/Accelerate.framework/Versions/A/Accelerate
0x00007fff4fb62000 	/System/Library/Frameworks/IOSurface.framework/Versions/A/IOSurface
0x00007fff61cbc000 	/System/Library/PrivateFrameworks/DFRFoundation.framework/Versions/A/DFRFoundation
0x00007fff4ba97000 	/System/Library/Frameworks/AudioToolbox.framework/Versions/A/AudioToolbox
0x00007fff4bd10000 	/System/Library/Frameworks/AudioUnit.framework/Versions/A/AudioUnit
0x00007fff61d51000 	/System/Library/PrivateFrameworks/DataDetectorsCore.framework/Versions/A/DataDetectorsCore
0x00007fff4c424000 	/System/Library/Frameworks/Carbon.framework/Versions/A/Frameworks/HIToolbox.framework/Versions/A/HIToolbox
0x00007fff76e00000 	/usr/lib/libicucore.A.dylib
0x00007fff57c39000 	/System/Library/Frameworks/QuartzCore.framework/Versions/A/QuartzCore
0x00007fff4c7f9000 	/System/Library/Frameworks/Carbon.framework/Versions/A/Frameworks/SpeechRecognition.framework/Versions/A/SpeechRecognition
0x00007fff76261000 	/usr/lib/libauto.dylib
0x00007fff786a7000 	/usr/lib/libxml2.2.dylib
0x00007fff61897000 	/System/Library/PrivateFrameworks/CoreUI.framework/Versions/A/CoreUI
0x00007fff4cc0a000 	/System/Library/Frameworks/CoreAudio.framework/Versions/A/CoreAudio
0x00007fff4f24e000 	/System/Library/Frameworks/DiskArbitration.framework/Versions/A/DiskArbitration
0x00007fff770ae000 	/usr/lib/liblangid.dylib
0x00007fff6bd18000 	/System/Library/PrivateFrameworks/MultitouchSupport.framework/Versions/A/MultitouchSupport
0x00007fff4fad1000 	/System/Library/Frameworks/IOKit.framework/Versions/A/IOKit
0x00007fff75ccd000 	/usr/lib/libDiagnosticMessagesClient.dylib
0x00007fff4e3ec000 	/System/Library/Frameworks/CoreServices.framework/Versions/A/CoreServices
0x00007fff6d9d2000 	/System/Library/PrivateFrameworks/PerformanceAnalysis.framework/Versions/A/PerformanceAnalysis
0x00007fff56e27000 	/System/Library/Frameworks/OpenGL.framework/Versions/A/OpenGL
0x00007fff4c92f000 	/System/Library/Frameworks/ColorSync.framework/Versions/A/ColorSync
0x00007fff4dc6e000 	/System/Library/Frameworks/CoreImage.framework/Versions/A/CoreImage
0x00007fff4edc4000 	/System/Library/Frameworks/CoreText.framework/Versions/A/CoreText
0x00007fff4fbc5000 	/System/Library/Frameworks/ImageIO.framework/Versions/A/ImageIO
0x00007fff5dee9000 	/System/Library/PrivateFrameworks/Backup.framework/Versions/A/Backup
0x00007fff761b4000 	/usr/lib/libarchive.2.dylib
0x00007fff4c069000 	/System/Library/Frameworks/CFNetwork.framework/Versions/A/CFNetwork
0x00007fff58e21000 	/System/Library/Frameworks/SystemConfiguration.framework/Versions/A/SystemConfiguration
0x00007fff75bfe000 	/usr/lib/libCRFSuite.dylib
0x00007fff76350000 	/usr/lib/libc++.1.dylib
0x00007fff763a4000 	/usr/lib/libc++abi.dylib
0x00007fff78fa9000 	/usr/lib/system/libcache.dylib
0x00007fff78fae000 	/usr/lib/system/libcommonCrypto.dylib
0x00007fff78fb9000 	/usr/lib/system/libcompiler_rt.dylib
0x00007fff78fc1000 	/usr/lib/system/libcopyfile.dylib
0x00007fff78fcb000 	/usr/lib/system/libcorecrypto.dylib
0x00007fff790d6000 	/usr/lib/system/libdispatch.dylib
0x00007fff79110000 	/usr/lib/system/libdyld.dylib
0x00007fff7913d000 	/usr/lib/system/libkeymgr.dylib
0x00007fff7914b000 	/usr/lib/system/liblaunch.dylib
0x00007fff7914c000 	/usr/lib/system/libmacho.dylib
0x00007fff79152000 	/usr/lib/system/libquarantine.dylib
0x00007fff79155000 	/usr/lib/system/libremovefile.dylib
0x00007fff79157000 	/usr/lib/system/libsystem_asl.dylib
0x00007fff7916f000 	/usr/lib/system/libsystem_blocks.dylib
0x00007fff79170000 	/usr/lib/system/libsystem_c.dylib
0x00007fff791f8000 	/usr/lib/system/libsystem_configuration.dylib
0x00007fff791fc000 	/usr/lib/system/libsystem_coreservices.dylib
0x00007fff79200000 	/usr/lib/system/libsystem_darwin.dylib
0x00007fff79207000 	/usr/lib/system/libsystem_dnssd.dylib
0x00007fff7920e000 	/usr/lib/system/libsystem_info.dylib
0x00007fff79283000 	/usr/lib/system/libsystem_m.dylib
0x00007fff792cf000 	/usr/lib/system/libsystem_malloc.dylib
0x00007fff792fa000 	/usr/lib/system/libsystem_networkextension.dylib
0x00007fff79305000 	/usr/lib/system/libsystem_notify.dylib
0x00007fff79322000 	/usr/lib/system/libsystem_sandbox.dylib
0x00007fff79326000 	/usr/lib/system/libsystem_secinit.dylib
0x00007fff7925a000 	/usr/lib/system/libsystem_kernel.dylib
0x00007fff7930d000 	/usr/lib/system/libsystem_platform.dylib
0x00007fff79317000 	/usr/lib/system/libsystem_pthread.dylib
0x00007fff79329000 	/usr/lib/system/libsystem_symptoms.dylib
0x00007fff79331000 	/usr/lib/system/libsystem_trace.dylib
0x00007fff79348000 	/usr/lib/system/libunwind.dylib
0x00007fff7934e000 	/usr/lib/system/libxpc.dylib
0x00007fff76331000 	/usr/lib/libbsm.0.dylib
0x00007fff7913e000 	/usr/lib/system/libkxld.dylib
0x00007fff5d2da000 	/System/Library/PrivateFrameworks/AppleFSCompression.framework/Versions/A/AppleFSCompression
0x00007fff75fcd000 	/usr/lib/libOpenScriptingUtil.dylib
0x00007fff76659000 	/usr/lib/libcoretls.dylib
0x00007fff76670000 	/usr/lib/libcoretls_cfhelpers.dylib
0x00007fff780db000 	/usr/lib/libpam.2.dylib
0x00007fff7829b000 	/usr/lib/libsqlite3.dylib
0x00007fff78695000 	/usr/lib/libxar.1.dylib
0x00007fff76342000 	/usr/lib/libbz2.1.0.dylib
0x00007fff770b0000 	/usr/lib/liblzma.5.dylib
0x00007fff77561000 	/usr/lib/libnetwork.dylib
0x00007fff7619d000 	/usr/lib/libapple_nghttp2.dylib
0x00007fff780e2000 	/usr/lib/libpcap.A.dylib
0x00007fff4e78b000 	/System/Library/Frameworks/CoreServices.framework/Versions/A/Frameworks/FSEvents.framework/Versions/A/FSEvents
0x00007fff4e46a000 	/System/Library/Frameworks/CoreServices.framework/Versions/A/Frameworks/CarbonCore.framework/Versions/A/CarbonCore
0x00007fff4e946000 	/System/Library/Frameworks/CoreServices.framework/Versions/A/Frameworks/Metadata.framework/Versions/A/Metadata
0x00007fff4e9e5000 	/System/Library/Frameworks/CoreServices.framework/Versions/A/Frameworks/OSServices.framework/Versions/A/OSServices
0x00007fff4ea30000 	/System/Library/Frameworks/CoreServices.framework/Versions/A/Frameworks/SearchKit.framework/Versions/A/SearchKit
0x00007fff4e3ed000 	/System/Library/Frameworks/CoreServices.framework/Versions/A/Frameworks/AE.framework/Versions/A/AE
0x00007fff4e794000 	/System/Library/Frameworks/CoreServices.framework/Versions/A/Frameworks/LaunchServices.framework/Versions/A/LaunchServices
0x00007fff4e742000 	/System/Library/Frameworks/CoreServices.framework/Versions/A/Frameworks/DictionaryServices.framework/Versions/A/DictionaryServices
0x00007fff4ea98000 	/System/Library/Frameworks/CoreServices.framework/Versions/A/Frameworks/SharedFileList.framework/Versions/A/SharedFileList
0x00007fff52e02000 	/System/Library/Frameworks/NetFS.framework/Versions/A/NetFS
0x00007fff6bf7e000 	/System/Library/PrivateFrameworks/NetAuth.framework/Versions/A/NetAuth
0x00007fff75932000 	/System/Library/PrivateFrameworks/login.framework/Versions/A/Frameworks/loginsupport.framework/Versions/A/loginsupport
0x00007fff73a53000 	/System/Library/PrivateFrameworks/TCC.framework/Versions/A/TCC
0x00007fff60ef4000 	/System/Library/PrivateFrameworks/CoreNLP.framework/Versions/A/CoreNLP
0x00007fff6ba13000 	/System/Library/PrivateFrameworks/MetadataUtilities.framework/Versions/A/MetadataUtilities
0x00007fff77185000 	/usr/lib/libmecabra.dylib
0x00007fff4b5b5000 	/System/Library/Frameworks/ApplicationServices.framework/Versions/A/Frameworks/ATS.framework/Versions/A/ATS
0x00007fff4b904000 	/System/Library/Frameworks/ApplicationServices.framework/Versions/A/Frameworks/ColorSyncLegacy.framework/Versions/A/ColorSyncLegacy
0x00007fff4b9a3000 	/System/Library/Frameworks/ApplicationServices.framework/Versions/A/Frameworks/HIServices.framework/Versions/A/HIServices
0x00007fff4b9f6000 	/System/Library/Frameworks/ApplicationServices.framework/Versions/A/Frameworks/LangAnalysis.framework/Versions/A/LangAnalysis
0x00007fff4ba06000 	/System/Library/Frameworks/ApplicationServices.framework/Versions/A/Frameworks/PrintCore.framework/Versions/A/PrintCore
0x00007fff4ba50000 	/System/Library/Frameworks/ApplicationServices.framework/Versions/A/Frameworks/QD.framework/Versions/A/QD
0x00007fff4ba8a000 	/System/Library/Frameworks/ApplicationServices.framework/Versions/A/Frameworks/SpeechSynthesis.framework/Versions/A/SpeechSynthesis
0x00007fff763cc000 	/usr/lib/libcompression.dylib
0x00007fff5200a000 	/System/Library/Frameworks/MetalPerformanceShaders.framework/Versions/A/MetalPerformanceShaders
0x00007fff49591000 	/System/Library/Frameworks/Accelerate.framework/Versions/A/Frameworks/vImage.framework/Versions/A/vImage
0x00007fff4a60b000 	/System/Library/Frameworks/Accelerate.framework/Versions/A/Frameworks/vecLib.framework/Versions/A/vecLib
0x00007fff4a557000 	/System/Library/Frameworks/Accelerate.framework/Versions/A/Frameworks/vecLib.framework/Versions/A/libvMisc.dylib
0x00007fff4a36f000 	/System/Library/Frameworks/Accelerate.framework/Versions/A/Frameworks/vecLib.framework/Versions/A/libvDSP.dylib
0x00007fff49c2b000 	/System/Library/Frameworks/Accelerate.framework/Versions/A/Frameworks/vecLib.framework/Versions/A/libBLAS.dylib
0x00007fff49f18000 	/System/Library/Frameworks/Accelerate.framework/Versions/A/Frameworks/vecLib.framework/Versions/A/libLAPACK.dylib
0x00007fff4a2c2000 	/System/Library/Frameworks/Accelerate.framework/Versions/A/Frameworks/vecLib.framework/Versions/A/libLinearAlgebra.dylib
0x00007fff4a35b000 	/System/Library/Frameworks/Accelerate.framework/Versions/A/Frameworks/vecLib.framework/Versions/A/libSparseBLAS.dylib
0x00007fff4a2d8000 	/System/Library/Frameworks/Accelerate.framework/Versions/A/Frameworks/vecLib.framework/Versions/A/libQuadrature.dylib
0x00007fff49ea5000 	/System/Library/Frameworks/Accelerate.framework/Versions/A/Frameworks/vecLib.framework/Versions/A/libBNNS.dylib
0x00007fff4a2de000 	/System/Library/Frameworks/Accelerate.framework/Versions/A/Frameworks/vecLib.framework/Versions/A/libSparse.dylib
0x00007fff68242000 	/System/Library/PrivateFrameworks/GPUWrangler.framework/Versions/A/GPUWrangler
0x00007fff6a542000 	/System/Library/PrivateFrameworks/IOAccelerator.framework/Versions/A/IOAccelerator
0x00007fff6a54d000 	/System/Library/PrivateFrameworks/IOPresentment.framework/Versions/A/IOPresentment
0x00007fff61ccc000 	/System/Library/PrivateFrameworks/DSExternalDisplay.framework/Versions/A/DSExternalDisplay
0x00007fff5627e000 	/System/Library/Frameworks/OpenGL.framework/Versions/A/Libraries/libCoreFSCache.dylib
0x00007fff51dfe000 	/System/Library/Frameworks/MetalPerformanceShaders.framework/Frameworks/MPSCore.framework/Versions/A/MPSCore
0x00007fff51e1e000 	/System/Library/Frameworks/MetalPerformanceShaders.framework/Frameworks/MPSImage.framework/Versions/A/MPSImage
0x00007fff51ec3000 	/System/Library/Frameworks/MetalPerformanceShaders.framework/Frameworks/MPSNeuralNetwork.framework/Versions/A/MPSNeuralNetwork
0x00007fff51e9b000 	/System/Library/Frameworks/MetalPerformanceShaders.framework/Frameworks/MPSMatrix.framework/Versions/A/MPSMatrix
0x00007fff51fef000 	/System/Library/Frameworks/MetalPerformanceShaders.framework/Frameworks/MPSRayIntersector.framework/Versions/A/MPSRayIntersector
0x00007fff6ba3c000 	/System/Library/PrivateFrameworks/MetalTools.framework/Versions/A/MetalTools
0x00007fff5cb84000 	/System/Library/PrivateFrameworks/AggregateDictionary.framework/Versions/A/AggregateDictionary
0x00007fff75fad000 	/usr/lib/libMobileGestalt.dylib
0x00007fff4ef27000 	/System/Library/Frameworks/CoreVideo.framework/Versions/A/CoreVideo
0x00007fff69053000 	/System/Library/PrivateFrameworks/GraphVisualizer.framework/Versions/A/GraphVisualizer
0x00007fff62ed2000 	/System/Library/PrivateFrameworks/FaceCore.framework/Versions/A/FaceCore
0x00007fff558ac000 	/System/Library/Frameworks/OpenCL.framework/Versions/A/OpenCL
0x00007fff75d05000 	/usr/lib/libFosl_dynamic.dylib
0x00007fff6c7e9000 	/System/Library/PrivateFrameworks/OTSVG.framework/Versions/A/OTSVG
0x00007fff4b6b9000 	/System/Library/Frameworks/ApplicationServices.framework/Versions/A/Frameworks/ATS.framework/Versions/A/Resources/libFontParser.dylib
0x00007fff4b7d1000 	/System/Library/Frameworks/ApplicationServices.framework/Versions/A/Frameworks/ATS.framework/Versions/A/Resources/libFontRegistry.dylib
0x00007fff4fe33000 	/System/Library/Frameworks/ImageIO.framework/Versions/A/Resources/libJPEG.dylib
0x00007fff50145000 	/System/Library/Frameworks/ImageIO.framework/Versions/A/Resources/libTIFF.dylib
0x00007fff5011b000 	/System/Library/Frameworks/ImageIO.framework/Versions/A/Resources/libPng.dylib
0x00007fff4fd51000 	/System/Library/Frameworks/ImageIO.framework/Versions/A/Resources/libGIF.dylib
0x00007fff4fd56000 	/System/Library/Frameworks/ImageIO.framework/Versions/A/Resources/libJP2.dylib
0x00007fff50142000 	/System/Library/Frameworks/ImageIO.framework/Versions/A/Resources/libRadiance.dylib
0x00007fff5d431000 	/System/Library/PrivateFrameworks/AppleJPEG.framework/Versions/A/AppleJPEG
0x00007fff56289000 	/System/Library/Frameworks/OpenGL.framework/Versions/A/Libraries/libGFXShared.dylib
0x00007fff5644c000 	/System/Library/Frameworks/OpenGL.framework/Versions/A/Libraries/libGLU.dylib
0x00007fff56292000 	/System/Library/Frameworks/OpenGL.framework/Versions/A/Libraries/libGL.dylib
0x00007fff5629e000 	/System/Library/Frameworks/OpenGL.framework/Versions/A/Libraries/libGLImage.dylib
0x00007fff5627b000 	/System/Library/Frameworks/OpenGL.framework/Versions/A/Libraries/libCVMSPluginSupport.dylib
0x00007fff56284000 	/System/Library/Frameworks/OpenGL.framework/Versions/A/Libraries/libCoreVMClient.dylib
0x00007fff76b1d000 	/usr/lib/libcups.2.dylib
0x00007fff51305000 	/System/Library/Frameworks/Kerberos.framework/Versions/A/Kerberos
0x00007fff4f835000 	/System/Library/Frameworks/GSS.framework/Versions/A/GSS
0x00007fff78230000 	/usr/lib/libresolv.9.dylib
0x00007fff76d0f000 	/usr/lib/libiconv.2.dylib
0x00007fff691c8000 	/System/Library/PrivateFrameworks/Heimdal.framework/Versions/A/Heimdal
0x00007fff76cdf000 	/usr/lib/libheimdal-asn1.dylib
0x00007fff55920000 	/System/Library/Frameworks/OpenDirectory.framework/Versions/A/OpenDirectory
0x00007fff5fc57000 	/System/Library/PrivateFrameworks/CommonAuth.framework/Versions/A/CommonAuth
0x00007fff55904000 	/System/Library/Frameworks/OpenDirectory.framework/Versions/A/Frameworks/CFOpenDirectory.framework/Versions/A/CFOpenDirectory
0x00007fff589c6000 	/System/Library/Frameworks/SecurityFoundation.framework/Versions/A/SecurityFoundation
0x00007fff5c0ca000 	/System/Library/PrivateFrameworks/APFS.framework/Versions/A/APFS
0x00007fff78691000 	/usr/lib/libutil.dylib
0x00007fff763ba000 	/usr/lib/libcharset.1.dylib
0x00007fff5d6ce000 	/System/Library/PrivateFrameworks/AppleSauce.framework/Versions/A/AppleSauce
0x00007fff5d84f000 	/System/Library/PrivateFrameworks/AssertionServices.framework/Versions/A/AssertionServices
0x00007fff5df7f000 	/System/Library/PrivateFrameworks/BaseBoard.framework/Versions/A/BaseBoard
0x00007fff770e0000 	/usr/lib/libmecab.1.0.0.dylib
0x00007fff76cd9000 	/usr/lib/libgermantok.dylib
0x00007fff7618a000 	/usr/lib/libThaiTokenizer.dylib
0x00007fff75c35000 	/usr/lib/libChineseTokenizer.dylib
0x00007fff6abfa000 	/System/Library/PrivateFrameworks/LanguageModeling.framework/Versions/A/LanguageModeling
0x00007fff60939000 	/System/Library/PrivateFrameworks/CoreEmoji.framework/Versions/A/CoreEmoji
0x00007fff6acd6000 	/System/Library/PrivateFrameworks/Lexicon.framework/Versions/A/Lexicon
0x00007fff6ad19000 	/System/Library/PrivateFrameworks/LinguisticData.framework/Versions/A/LinguisticData
0x00007fff763bb000 	/usr/lib/libcmph.dylib
0x00007fff58a84000 	/System/Library/Frameworks/ServiceManagement.framework/Versions/A/ServiceManagement
0x00007fff5dee0000 	/System/Library/PrivateFrameworks/BackgroundTaskManagement.framework/Versions/A/BackgroundTaskManagement
0x00007fff7878a000 	/usr/lib/libxslt.1.dylib
0x00007fff4c726000 	/System/Library/Frameworks/Carbon.framework/Versions/A/Frameworks/Ink.framework/Versions/A/Ink
0x00007fff73cc5000 	/System/Library/PrivateFrameworks/TextureIO.framework/Versions/A/TextureIO
0x00007fff761de000 	/usr/lib/libate.dylib
0x00007fff61c1b000 	/System/Library/PrivateFrameworks/CrashReporterSupport.framework/Versions/A/CrashReporterSupport
0x00007fff713ff000 	/System/Library/PrivateFrameworks/Sharing.framework/Versions/A/Sharing
0x00007fff5dc32000 	/System/Library/PrivateFrameworks/AuthKit.framework/Versions/A/AuthKit
0x00007fff5d186000 	/System/Library/PrivateFrameworks/Apple80211.framework/Versions/A/Apple80211
0x00007fff619c3000 	/System/Library/PrivateFrameworks/CoreUtils.framework/Versions/A/CoreUtils
0x00007fff4ef68000 	/System/Library/Frameworks/CoreWLAN.framework/Versions/A/CoreWLAN
0x00007fff4f964000 	/System/Library/Frameworks/IOBluetooth.framework/Versions/A/IOBluetooth
0x00007fff6f873000 	/System/Library/PrivateFrameworks/ProtocolBuffer.framework/Versions/A/ProtocolBuffer
0x00007fff6bc74000 	/System/Library/PrivateFrameworks/MobileKeyBag.framework/Versions/A/MobileKeyBag
0x00007fff61207000 	/System/Library/PrivateFrameworks/CorePhoneNumbers.framework/Versions/A/CorePhoneNumbers
0x00007fff5d3e5000 	/System/Library/PrivateFrameworks/AppleIDAuthSupport.framework/Versions/A/AppleIDAuthSupport
0x00007fff6abcd000 	/System/Library/PrivateFrameworks/KeychainCircle.framework/Versions/A/KeychainCircle
0x00007fff6fa29000 	/System/Library/PrivateFrameworks/ROCKit.framework/Versions/A/ROCKit
0x00007fff61bb7000 	/System/Library/PrivateFrameworks/CoreWiFi.framework/Versions/A/CoreWiFi
0x00007fff4ccf4000 	/System/Library/Frameworks/CoreBluetooth.framework/Versions/A/CoreBluetooth
0x00007fff61e12000 	/System/Library/PrivateFrameworks/DebugSymbols.framework/Versions/A/DebugSymbols
0x00007fff61783000 	/System/Library/PrivateFrameworks/CoreSymbolication.framework/Versions/A/CoreSymbolication
0x00007fff734e0000 	/System/Library/PrivateFrameworks/Symbolication.framework/Versions/A/Symbolication
0x00007fff72d83000 	/System/Library/PrivateFrameworks/SpeechRecognitionCore.framework/Versions/A/SpeechRecognitionCore
0x0000000108c00000 	/Library/Java/JavaVirtualMachines/jdk1.8.0_181.jdk/Contents/Home/jre/lib/server/libjvm.dylib
0x00007fff7856c000 	/usr/lib/libstdc++.6.dylib
0x0000000108271000 	/Library/Java/JavaVirtualMachines/jdk1.8.0_181.jdk/Contents/Home/jre/lib/libverify.dylib
0x000000010827f000 	/Library/Java/JavaVirtualMachines/jdk1.8.0_181.jdk/Contents/Home/jre/lib/libjava.dylib
0x00000001082b6000 	/Library/Java/JavaVirtualMachines/jdk1.8.0_181.jdk/Contents/Home/jre/lib/libinstrument.dylib
0x0000000108353000 	/Library/Java/JavaVirtualMachines/jdk1.8.0_181.jdk/Contents/Home/jre/lib/libzip.dylib
0x000000011f6a0000 	/Library/Java/JavaVirtualMachines/jdk1.8.0_181.jdk/Contents/Home/jre/lib/libnet.dylib
0x000000011f818000 	/Library/Java/JavaVirtualMachines/jdk1.8.0_181.jdk/Contents/Home/jre/lib/libprism_es2.dylib
0x00007fff6138b000 	/System/Library/PrivateFrameworks/CoreServicesInternal.framework/Versions/A/CoreServicesInternal
0x00007fff56e37000 	/System/Library/Frameworks/OpenGL.framework/Versions/A/Resources/GLEngine.bundle/GLEngine
0x00007fff562d9000 	/System/Library/Frameworks/OpenGL.framework/Versions/A/Libraries/libGLProgrammability.dylib
0x00007fff45965000 	/System/Library/Extensions/AppleIntelKBLGraphicsGLDriver.bundle/Contents/MacOS/AppleIntelKBLGraphicsGLDriver
0x00007fff68236000 	/System/Library/PrivateFrameworks/GPUSupport.framework/Versions/A/Libraries/libGPUSupportMercury.dylib
0x00007fff56fcf000 	/System/Library/Frameworks/OpenGL.framework/Versions/A/Resources/GLRendererFloat.bundle/GLRendererFloat
0x00007fff558a3000 	/System/Library/Frameworks/OpenCL.framework/Versions/A/Libraries/libcldcpuengine.dylib
0x00007fff7680f000 	/usr/lib/libcrypto.35.dylib
0x00007fff73e43000 	/System/Library/PrivateFrameworks/TrustEvaluationAgent.framework/Versions/A/TrustEvaluationAgent
0x0000000120046000 	/Library/Java/JavaVirtualMachines/jdk1.8.0_181.jdk/Contents/Home/jre/lib/libglass.dylib
0x00007fff418f7000 	/System/Library/CoreServices/RawCamera.bundle/Contents/MacOS/RawCamera
0x00007fff6bae0000 	/System/Library/PrivateFrameworks/MobileAsset.framework/Versions/A/MobileAsset
0x00007fff7342e000 	/System/Library/PrivateFrameworks/StreamingZip.framework/Versions/A/StreamingZip
0x00007fff51692000 	/System/Library/Frameworks/MediaToolbox.framework/Versions/A/MediaToolbox
0x00007fff604dd000 	/System/Library/PrivateFrameworks/CoreAVCHD.framework/Versions/A/CoreAVCHD
0x00007fff515d8000 	/System/Library/Frameworks/MediaAccessibility.framework/Versions/A/MediaAccessibility
0x00007fff6b53c000 	/System/Library/PrivateFrameworks/Mangrove.framework/Versions/A/Mangrove
0x00007fff4e28b000 	/System/Library/Frameworks/CoreMedia.framework/Versions/A/CoreMedia
0x00007fff590ed000 	/System/Library/Frameworks/VideoToolbox.framework/Versions/A/VideoToolbox
0x00007fff600f9000 	/System/Library/PrivateFrameworks/CoreAUC.framework/Versions/A/CoreAUC
0x00007fff78299000 	/usr/lib/libspindump.dylib
0x00007fff5d7b4000 	/System/Library/PrivateFrameworks/AppleVA.framework/Versions/A/AppleVA
0x00007fff4957a000 	/System/Library/Frameworks/Accelerate.framework/Versions/A/Frameworks/vImage.framework/Versions/A/Libraries/libCGInterfaces.dylib
0x00007fff632f7000 	/System/Library/PrivateFrameworks/FamilyControls.framework/Versions/A/FamilyControls
0x00007fff5fc4a000 	/System/Library/PrivateFrameworks/CommerceKit.framework/Versions/A/Frameworks/CommerceCore.framework/Versions/A/CommerceCore
0x00007fff737b3000 	/System/Library/PrivateFrameworks/SystemAdministration.framework/Versions/A/SystemAdministration
0x00007fff5d087000 	/System/Library/PrivateFrameworks/AppContainer.framework/Versions/A/AppContainer
0x00007fff5d0a3000 	/System/Library/PrivateFrameworks/AppSandbox.framework/Versions/A/AppSandbox
0x00007fff712a0000 	/System/Library/PrivateFrameworks/SecCodeWrapper.framework/Versions/A/SecCodeWrapper
0x00007fff7824a000 	/usr/lib/libsandbox.1.dylib
0x00007fff75f7c000 	/usr/lib/libMatch.1.dylib
0x00007fff62197000 	/System/Library/PrivateFrameworks/DiskManagement.framework/Versions/A/DiskManagement
0x00007fff4f16e000 	/System/Library/Frameworks/DirectoryService.framework/Versions/A/DirectoryService
0x00007fff620c8000 	/System/Library/PrivateFrameworks/DiskImages.framework/Versions/A/DiskImages
0x00007fff6ae12000 	/System/Library/PrivateFrameworks/LoginUIKit.framework/Versions/A/Frameworks/LoginUICore.framework/Versions/A/LoginUICore
0x00007fff75c40000 	/usr/lib/libCoreStorage.dylib
0x00007fff76b0a000 	/usr/lib/libcsfde.dylib
0x00007fff780ca000 	/usr/lib/libodfde.dylib
0x00007fff6b654000 	/System/Library/PrivateFrameworks/MediaKit.framework/Versions/A/MediaKit
0x00007fff4f17a000 	/System/Library/Frameworks/DiscRecording.framework/Versions/A/DiscRecording
0x00007fff6230b000 	/System/Library/PrivateFrameworks/EFILogin.framework/Versions/A/EFILogin
0x00007fff6f81e000 	/System/Library/PrivateFrameworks/ProtectedCloudStorage.framework/Versions/A/ProtectedCloudStorage
0x00007fff76b9c000 	/usr/lib/libcurl.4.dylib
0x00007fff76a09000 	/usr/lib/libcrypto.42.dylib
0x00007fff7853c000 	/usr/lib/libssl.44.dylib
0x00007fff5131f000 	/System/Library/Frameworks/LDAP.framework/Versions/A/LDAP
0x00007fff78286000 	/usr/lib/libsasl2.2.dylib
0x00007fff60736000 	/System/Library/PrivateFrameworks/CoreDaemon.framework/Versions/B/CoreDaemon
0x00007fff5d6c9000 	/System/Library/PrivateFrameworks/AppleSRP.framework/Versions/A/AppleSRP
0x00007fff74c7d000 	/System/Library/PrivateFrameworks/ViewBridge.framework/Versions/A/ViewBridge
0x00000001237f0000 	/Library/Java/JavaVirtualMachines/jdk1.8.0_181.jdk/Contents/Home/jre/lib/libjfxwebkit.dylib
0x000000011fa15000 	/Library/Java/JavaVirtualMachines/jdk1.8.0_181.jdk/Contents/Home/jre/lib/libjavafx_font.dylib
0x00007fff4b86d000 	/System/Library/Frameworks/ApplicationServices.framework/Versions/A/Frameworks/ATS.framework/Versions/A/Resources/libTrueTypeScaler.dylib
0x0000000123765000 	/Library/Java/JavaVirtualMachines/jdk1.8.0_181.jdk/Contents/Home/jre/lib/libnio.dylib
0x0000000123791000 	/usr/lib/libobjc-trampolines.dylib
0x00007fff4673a000 	/System/Library/Extensions/AppleIntelKBLGraphicsMTLDriver.bundle/Contents/MacOS/AppleIntelKBLGraphicsMTLDriver
0x00007fff66ba1000 	/System/Library/PrivateFrameworks/GPUCompiler.framework/Versions/3902/Libraries/libmetal_timestamp.dylib
0x00000001306ee000 	/Library/Java/JavaVirtualMachines/jdk1.8.0_181.jdk/Contents/Home/jre/lib/libsunec.dylib
0x000000012bdc9000 	/Library/Java/JavaVirtualMachines/jdk1.8.0_181.jdk/Contents/Home/jre/lib/libprism_common.dylib
0x0000000130d17000 	/Library/Java/JavaVirtualMachines/jdk1.8.0_181.jdk/Contents/Home/jre/lib/libawt.dylib
0x0000000132775000 	/Library/Java/JavaVirtualMachines/jdk1.8.0_181.jdk/Contents/Home/jre/lib/./libmlib_image.dylib
0x00007fff512ee000 	/System/Library/Frameworks/JavaVM.framework/Versions/A/Frameworks/JavaNativeFoundation.framework/Versions/A/JavaNativeFoundation
0x00007fff512f7000 	/System/Library/Frameworks/JavaVM.framework/Versions/A/Frameworks/JavaRuntimeSupport.framework/Versions/A/JavaRuntimeSupport
0x00007fff51300000 	/System/Library/Frameworks/JavaVM.framework/Versions/A/JavaVM
0x00007fff6aaec000 	/System/Library/PrivateFrameworks/JavaLaunching.framework/Versions/A/JavaLaunching
0x00007fff4c41f000 	/System/Library/Frameworks/Carbon.framework/Versions/A/Carbon
0x00007fff4c420000 	/System/Library/Frameworks/Carbon.framework/Versions/A/Frameworks/CommonPanels.framework/Versions/A/CommonPanels
0x00007fff4c71c000 	/System/Library/Frameworks/Carbon.framework/Versions/A/Frameworks/Help.framework/Versions/A/Help
0x00007fff4c720000 	/System/Library/Frameworks/Carbon.framework/Versions/A/Frameworks/ImageCapture.framework/Versions/A/ImageCapture
0x00007fff4c7bc000 	/System/Library/Frameworks/Carbon.framework/Versions/A/Frameworks/OpenScripting.framework/Versions/A/OpenScripting
0x00007fff4c7f4000 	/System/Library/Frameworks/Carbon.framework/Versions/A/Frameworks/Print.framework/Versions/A/Print
0x00007fff4c7f6000 	/System/Library/Frameworks/Carbon.framework/Versions/A/Frameworks/SecurityHI.framework/Versions/A/SecurityHI
0x0000000132841000 	/Library/Java/JavaVirtualMachines/jdk1.8.0_181.jdk/Contents/Home/jre/lib/libawt_lwawt.dylib
0x0000000130be0000 	/Library/Java/JavaVirtualMachines/jdk1.8.0_181.jdk/Contents/Home/jre/lib/./libosxapp.dylib
0x00007fff4f3f2000 	/System/Library/Frameworks/ExceptionHandling.framework/Versions/A/ExceptionHandling
0x0000000130bfc000 	/Library/Java/JavaVirtualMachines/jdk1.8.0_181.jdk/Contents/Home/jre/lib/libfontmanager.dylib

VM Arguments:
jvm_args: -javaagent:/Applications/IntelliJ IDEA.app/Contents/lib/idea_rt.jar=54877:/Applications/IntelliJ IDEA.app/Contents/bin -Dfile.encoding=UTF-8 
java_command: io.github.makbn.datadispersion.Leaflet
java_class_path (initial): /Library/Java/JavaVirtualMachines/jdk1.8.0_181.jdk/Contents/Home/jre/lib/charsets.jar:/Library/Java/JavaVirtualMachines/jdk1.8.0_181.jdk/Contents/Home/jre/lib/deploy.jar:/Library/Java/JavaVirtualMachines/jdk1.8.0_181.jdk/Contents/Home/jre/lib/ext/cldrdata.jar:/Library/Java/JavaVirtualMachines/jdk1.8.0_181.jdk/Contents/Home/jre/lib/ext/dnsns.jar:/Library/Java/JavaVirtualMachines/jdk1.8.0_181.jdk/Contents/Home/jre/lib/ext/jaccess.jar:/Library/Java/JavaVirtualMachines/jdk1.8.0_181.jdk/Contents/Home/jre/lib/ext/jfxrt.jar:/Library/Java/JavaVirtualMachines/jdk1.8.0_181.jdk/Contents/Home/jre/lib/ext/localedata.jar:/Library/Java/JavaVirtualMachines/jdk1.8.0_181.jdk/Contents/Home/jre/lib/ext/nashorn.jar:/Library/Java/JavaVirtualMachines/jdk1.8.0_181.jdk/Contents/Home/jre/lib/ext/sunec.jar:/Library/Java/JavaVirtualMachines/jdk1.8.0_181.jdk/Contents/Home/jre/lib/ext/sunjce_provider.jar:/Library/Java/JavaVirtualMachines/jdk1.8.0_181.jdk/Contents/Home/jre/lib/ext/sunpkcs11.jar:/Library/Java/JavaVirtualMachines/jdk1.8.0_181.jdk/Contents/Home/jre/lib/ext/zipfs.jar:/Library/Java/JavaVirtualMachines/jdk1.8.0_181.jdk/Contents/Home/jre/lib/javaws.jar:/Library/Java/JavaVirtualMachines/jdk1.8.0_181.jdk/Contents/Home/jre/lib/jce.jar:/Library/Java/JavaVirtualMachines/jdk1.8.0_181.jdk/Contents/Home/jre/lib/jfr.jar:/Library/Java/JavaVirtualMachines/jdk1.8.0_181.jdk/Contents/Home/jre/lib/jfxswt.jar:/Library/Java/JavaVirtualMachines/jdk1.8.0_181.jdk/Contents/Home/jre/lib/jsse.jar:/Library/Java/JavaVirtualMachines/jdk1.8.0_181.jdk/Contents/Home/jre/lib/management-agent.jar:/Library/Java/JavaVirtualMachines/jdk1.8.0_181.jdk/Contents/Home/jre/lib/plugin.jar:/Library/Java/JavaVirtualMachines/jdk1.8.0_181.jdk/Contents/Home/jre/lib/resources.jar:/Library/Java/JavaVirtualMachines/jdk1.8.0_181.jdk/Contents/Home/jre/lib/rt.jar:/Library/Java/JavaVirtualMachines/jdk1.8.0_181.jdk/Contents/Home/lib/ant-javafx.jar:/Library/Java/JavaVirtualMachines/jdk1.8.0_181.jdk/Contents/Home
Launcher Type: SUN_STANDARD

Environment Variables:
PATH=/usr/local/bin:/usr/bin:/bin:/usr/sbin:/sbin
SHELL=/bin/bash

Signal Handlers:
SIGSEGV: [libjvm.dylib+0x5b6029], sa_mask[0]=11111111011111110111111111111111, sa_flags=SA_ONSTACK|SA_RESTART|SA_SIGINFO
SIGBUS: [libjvm.dylib+0x5b6029], sa_mask[0]=11111111011111110111111111111111, sa_flags=SA_RESTART|SA_SIGINFO
SIGFPE: [libjvm.dylib+0x48b934], sa_mask[0]=11111111011111110111111111111111, sa_flags=SA_RESTART|SA_SIGINFO
SIGPIPE: [libjvm.dylib+0x48b934], sa_mask[0]=11111111011111110111111111111111, sa_flags=SA_RESTART|SA_SIGINFO
SIGXFSZ: [libjvm.dylib+0x48b934], sa_mask[0]=11111111011111110111111111111111, sa_flags=SA_RESTART|SA_SIGINFO
SIGILL: [libjvm.dylib+0x48b934], sa_mask[0]=11111111011111110111111111111111, sa_flags=SA_RESTART|SA_SIGINFO
SIGUSR1: SIG_DFL, sa_mask[0]=00000000000000000000000000000000, sa_flags=none
SIGUSR2: [libjvm.dylib+0x48b452], sa_mask[0]=00100000000000000000000000000000, sa_flags=SA_RESTART|SA_SIGINFO
SIGHUP: [libjvm.dylib+0x489a1d], sa_mask[0]=11111111011111110111111111111111, sa_flags=SA_RESTART|SA_SIGINFO
SIGINT: [libjvm.dylib+0x489a1d], sa_mask[0]=11111111011111110111111111111111, sa_flags=SA_RESTART|SA_SIGINFO
SIGTERM: [libjvm.dylib+0x489a1d], sa_mask[0]=11111111011111110111111111111111, sa_flags=SA_RESTART|SA_SIGINFO
SIGQUIT: [libjvm.dylib+0x489a1d], sa_mask[0]=11111111011111110111111111111111, sa_flags=SA_RESTART|SA_SIGINFO


---------------  S Y S T E M  ---------------

OS:Bsduname:Darwin 18.7.0 Darwin Kernel Version 18.7.0: Tue Aug 20 16:57:14 PDT 2019; root:xnu-4903.271.2~2/RELEASE_X86_64 x86_64
rlimit: STACK 8192k, CORE 0k, NPROC 709, NOFILE 10240, AS infinity
load average:3.05 2.76 2.52

CPU:total 4 (initial active 4) (2 cores per cpu, 2 threads per core) family 6 model 142 stepping 9, cmov, cx8, fxsr, mmx, sse, sse2, sse3, ssse3, sse4.1, sse4.2, popcnt, avx, avx2, aes, clmul, erms, rtm, 3dnowpref, lzcnt, ht, tsc, tscinvbit, bmi1, bmi2, adx

Memory: 4k page, physical 8388608k(61120k free)

/proc/meminfo:


vm_info: Java HotSpot(TM) 64-Bit Server VM (25.181-b13) for bsd-amd64 JRE (1.8.0_181-b13), built on Jul  7 2018 01:02:31 by "java_re" with gcc 4.2.1 (Based on Apple Inc. build 5658) (LLVM build 2336.11.00)

time: Sun Jun 21 15:40:08 2020
elapsed time: 12 seconds (0d 0h 0m 12s)

