#
# A fatal error has been detected by the Java Runtime Environment:
#
#  SIGSEGV (0xb) at pc=0x000000012a19c144, pid=4957, tid=0x0000000000000307
#
# JRE version: Java(TM) SE Runtime Environment (8.0_181-b13) (build 1.8.0_181-b13)
# Java VM: Java HotSpot(TM) 64-Bit Server VM (25.181-b13 mixed mode bsd-amd64 compressed oops)
# Problematic frame:
# C  [libjfxwebkit.dylib+0x5d8144]  _ZNK7WebCore9FrameTree3topEv+0x4
#
# Failed to write core dump. Core dumps have been disabled. To enable core dumping, try "ulimit -c unlimited" before starting Java again
#
# If you would like to submit a bug report, please visit:
#   http://bugreport.java.com/bugreport/crash.jsp
# The crash happened outside the Java Virtual Machine in native code.
# See problematic frame for where to report the bug.
#

---------------  T H R E A D  ---------------

Current thread (0x00007f96bf199800):  JavaThread "JavaFX Application Thread" [_thread_in_native, id=775, stack(0x00007ffee295e000,0x00007ffee315e000)]

siginfo: si_signo: 11 (SIGSEGV), si_code: 1 (SEGV_MAPERR), si_addr: 0x0000000000000040

Registers:
RAX=0x0000000000000000, RBX=0x00007ffee3157501, RCX=0x0000000000000000, RDX=0x00007ffee31574f0
RSP=0x00007ffee3157420, RBP=0x00007ffee3157420, RSI=0x0000000000000000, RDI=0x0000000000000040
R8 =0x000000000000001f, R9 =0x0000000136ca0a00, R10=0x000000007da50983, R11=0x000000007fffffff
R12=0x00007ffee31574f0, R13=0x000000000000001b, R14=0x00007ffee3157488, R15=0x0000000000000000
RIP=0x000000012a19c144, EFLAGS=0x0000000000010246, ERR=0x0000000000000004
  TRAPNO=0x000000000000000e

Top of Stack: (sp=0x00007ffee3157420)
0x00007ffee3157420:   00007ffee3157470 000000012a1fce5d
0x00007ffee3157430:   00007ffee3157470 000000012a207f1c
0x00007ffee3157440:   0000000000000000 00007ffee3157568
0x00007ffee3157450:   0000000000000000 000000000000001b
0x00007ffee3157460:   000000012d934770 000000012dbcd000
0x00007ffee3157470:   00007ffee31575a0 000000012a0d55d5
0x00007ffee3157480:   00007ffee31574a0 0000000000000000
0x00007ffee3157490:   0000000000000000 0000000136cc2480
0x00007ffee31574a0:   00000001376853e0 0000000000000000
0x00007ffee31574b0:   0000000000000000 0000000000000000
0x00007ffee31574c0:   0000000000000000 0000010000000000
0x00007ffee31574d0:   0000000000000000 0000000000000000
0x00007ffee31574e0:   0000000000000000 0000000000000000
0x00007ffee31574f0:   000000013f28d630 000000052b588183
0x00007ffee3157500:   0000000800000008 0000001100000008
0x00007ffee3157510:   0000002c00000011 0000003e0000003e
0x00007ffee3157520:   0000000136ccb620 0000000136c6e3c0
0x00007ffee3157530:   00007ffee3157570 00007ffee31578a0
0x00007ffee3157540:   000000012d934600 0000000136c6e3c0
0x00007ffee3157550:   00007ffee3157570 00007fff76358a73
0x00007ffee3157560:   000000005ef25bfe 0000000000000000
0x00007ffee3157570:   0000000000000000 000000012d934770
0x00007ffee3157580:   00007ffee31578a0 000000012a114640
0x00007ffee3157590:   000000012d934600 00007ffee31575b8
0x00007ffee31575a0:   00007ffee31575f0 000000012a14134f
0x00007ffee31575b0:   000000012d934600 000000012d934608
0x00007ffee31575c0:   00000001360cdcb8 0000000100000001
0x00007ffee31575d0:   0000000000000001 00007ffee31578a0
0x00007ffee31575e0:   000000012d9e7000 0000000136c6e3c0
0x00007ffee31575f0:   00007ffee3157890 000000012a11b34c
0x00007ffee3157600:   00000007996a04c0 0000000000000000
0x00007ffee3157610:   00000007c0003a78 0000000000000005 

Instructions: (pc=0x000000012a19c144)
0x000000012a19c124:   d2 fa ff ff 0c fe ff ff fb fc ff ff ae fb ff ff
0x000000012a19c134:   66 66 66 2e 0f 1f 84 00 00 00 00 00 55 48 89 e5
0x000000012a19c144:   48 8b 0f 48 85 c9 74 12 0f 1f 40 00 48 89 c8 48
0x000000012a19c154:   8b 49 48 48 85 c9 75 f4 eb 02 31 c0 5d c3 66 66 

Register to memory mapping:

RAX=0x0000000000000000 is an unknown value
RBX=0x00007ffee3157501 is pointing into the stack for thread: 0x00007f96bf199800
RCX=0x0000000000000000 is an unknown value
RDX=0x00007ffee31574f0 is pointing into the stack for thread: 0x00007f96bf199800
RSP=0x00007ffee3157420 is pointing into the stack for thread: 0x00007f96bf199800
RBP=0x00007ffee3157420 is pointing into the stack for thread: 0x00007f96bf199800
RSI=0x0000000000000000 is an unknown value
RDI=0x0000000000000040 is an unknown value
R8 =0x000000000000001f is an unknown value
R9 =0x0000000136ca0a00 is an unknown value
R10=0x000000007da50983 is an unknown value
R11=0x000000007fffffff is an unknown value
R12=0x00007ffee31574f0 is pointing into the stack for thread: 0x00007f96bf199800
R13=0x000000000000001b is an unknown value
R14=0x00007ffee3157488 is pointing into the stack for thread: 0x00007f96bf199800
R15=0x0000000000000000 is an unknown value


Stack: [0x00007ffee295e000,0x00007ffee315e000],  sp=0x00007ffee3157420,  free space=8165k
Native frames: (J=compiled Java code, j=interpreted, Vv=VM code, C=native code)
C  [libjfxwebkit.dylib+0x5d8144]  _ZNK7WebCore9FrameTree3topEv+0x4
C  [libjfxwebkit.dylib+0x638e5d]  _ZNK7WebCore21ContentSecurityPolicy19allowFrameAncestorsERKNS_5FrameERKNS_3URLEb+0x2d
C  [libjfxwebkit.dylib+0x5115d5]  _ZN7WebCore14DocumentLoader16responseReceivedERKNS_16ResourceResponseE+0x185
C  [libjfxwebkit.dylib+0x57d34f]  _ZN7WebCore17CachedRawResource16responseReceivedERKNS_16ResourceResponseE+0x16f
C  [libjfxwebkit.dylib+0x55734c]  _ZN7WebCore17SubresourceLoader18didReceiveResponseERKNS_16ResourceResponseE+0x24c
C  [libjfxwebkit.dylib+0xad8752]  _ZN7WebCore9URLLoader18AsynchronousTarget18didReceiveResponseERKNS_16ResourceResponseE+0x62
C  [libjfxwebkit.dylib+0xad9866]  Java_com_sun_webkit_network_URLLoader_twkDidReceiveResponse+0x76
j  com.sun.webkit.network.URLLoader.twkDidReceiveResponse(ILjava/lang/String;Ljava/lang/String;JLjava/lang/String;Ljava/lang/String;J)V+0
j  com.sun.webkit.network.URLLoader.notifyDidReceiveResponse(ILjava/lang/String;Ljava/lang/String;JLjava/lang/String;Ljava/lang/String;)V+91
j  com.sun.webkit.network.URLLoader.lambda$didReceiveResponse$103(ILjava/lang/String;Ljava/lang/String;JLjava/lang/String;Ljava/lang/String;)V+17
j  com.sun.webkit.network.URLLoader$$Lambda$113.run()V+28
J 2706 C1 com.sun.javafx.application.PlatformImpl$$Lambda$49.run()Ljava/lang/Object; (8 bytes) @ 0x0000000119b5cc0c [0x0000000119b5cac0+0x14c]
v  ~StubRoutines::call_stub
V  [libjvm.dylib+0x2efcba]
V  [libjvm.dylib+0x3505b0]
J 743  java.security.AccessController.doPrivileged(Ljava/security/PrivilegedAction;Ljava/security/AccessControlContext;)Ljava/lang/Object; (0 bytes) @ 0x00000001196c3a95 [0x00000001196c39c0+0xd5]
J 2703 C1 com.sun.javafx.application.PlatformImpl.lambda$runLater$173(Ljava/lang/Runnable;Ljava/security/AccessControlContext;)V (38 bytes) @ 0x0000000119b4e974 [0x0000000119b4e600+0x374]
J 2046 C1 com.sun.javafx.application.PlatformImpl$$Lambda$48.run()V (12 bytes) @ 0x0000000119a8394c [0x0000000119a838c0+0x8c]
J 1967 C1 com.sun.glass.ui.InvokeLaterDispatcher$Future.run()V (91 bytes) @ 0x0000000119a4f914 [0x0000000119a4f800+0x114]
v  ~StubRoutines::call_stub
V  [libjvm.dylib+0x2efcba]
V  [libjvm.dylib+0x326ff8]
V  [libjvm.dylib+0x3197db]
C  [libglass.dylib+0x492c]  -[GlassRunnable run]+0x6c
C  [Foundation+0xb0302]  __NSThreadPerformPerform+0x148
C  [CoreFoundation+0x57de3]  __CFRUNLOOP_IS_CALLING_OUT_TO_A_SOURCE0_PERFORM_FUNCTION__+0x11
C  [CoreFoundation+0x57d89]  __CFRunLoopDoSource0+0x6c
C  [CoreFoundation+0x3b74b]  __CFRunLoopDoSources0+0xc3
C  [CoreFoundation+0x3ad15]  __CFRunLoopRun+0x4a5
C  [CoreFoundation+0x3a61e]  CFRunLoopRunSpecific+0x1c7
C  [HIToolbox+0xb1ab]  RunCurrentEventLoopInMode+0x124
C  [HIToolbox+0xaee5]  ReceiveNextEventCommon+0x25b
C  [HIToolbox+0xac76]  _BlockUntilNextEventMatchingListInModeWithFilter+0x40
C  [AppKit+0x1a77d]  _DPSNextEvent+0x46f
C  [AppKit+0x1946b]  -[NSApplication(NSEvent) _nextEventMatchingEventMask:untilDate:inMode:dequeue:]+0x551
C  [AppKit+0x13588]  -[NSApplication run]+0x2bb
C  [libglass.dylib+0x68f9]  -[GlassApplication runLoop:]+0x769
C  [Foundation+0xb0302]  __NSThreadPerformPerform+0x148
C  [CoreFoundation+0x57de3]  __CFRUNLOOP_IS_CALLING_OUT_TO_A_SOURCE0_PERFORM_FUNCTION__+0x11
C  [CoreFoundation+0x57d89]  __CFRunLoopDoSource0+0x6c
C  [CoreFoundation+0x3b74b]  __CFRunLoopDoSources0+0xc3
C  [CoreFoundation+0x3ad15]  __CFRunLoopRun+0x4a5
C  [CoreFoundation+0x3a61e]  CFRunLoopRunSpecific+0x1c7
C  [java+0x646e]  CreateExecutionEnvironment+0x367
C  [java+0x203c]  JLI_Launch+0x7a0
C  [java+0x84cb]  main+0x65
C  [java+0x1894]  start+0x34
C  0x0000000000000006

Java frames: (J=compiled Java code, j=interpreted, Vv=VM code)
j  com.sun.webkit.network.URLLoader.twkDidReceiveResponse(ILjava/lang/String;Ljava/lang/String;JLjava/lang/String;Ljava/lang/String;J)V+0
j  com.sun.webkit.network.URLLoader.notifyDidReceiveResponse(ILjava/lang/String;Ljava/lang/String;JLjava/lang/String;Ljava/lang/String;)V+91
j  com.sun.webkit.network.URLLoader.lambda$didReceiveResponse$103(ILjava/lang/String;Ljava/lang/String;JLjava/lang/String;Ljava/lang/String;)V+17
j  com.sun.webkit.network.URLLoader$$Lambda$113.run()V+28
J 2706 C1 com.sun.javafx.application.PlatformImpl$$Lambda$49.run()Ljava/lang/Object; (8 bytes) @ 0x0000000119b5cc0c [0x0000000119b5cac0+0x14c]
v  ~StubRoutines::call_stub
J 743  java.security.AccessController.doPrivileged(Ljava/security/PrivilegedAction;Ljava/security/AccessControlContext;)Ljava/lang/Object; (0 bytes) @ 0x00000001196c3a23 [0x00000001196c39c0+0x63]
J 2703 C1 com.sun.javafx.application.PlatformImpl.lambda$runLater$173(Ljava/lang/Runnable;Ljava/security/AccessControlContext;)V (38 bytes) @ 0x0000000119b4e974 [0x0000000119b4e600+0x374]
J 2046 C1 com.sun.javafx.application.PlatformImpl$$Lambda$48.run()V (12 bytes) @ 0x0000000119a8394c [0x0000000119a838c0+0x8c]
J 1967 C1 com.sun.glass.ui.InvokeLaterDispatcher$Future.run()V (91 bytes) @ 0x0000000119a4f914 [0x0000000119a4f800+0x114]
v  ~StubRoutines::call_stub

---------------  P R O C E S S  ---------------

Java Threads: ( => current thread )
  0x00007f96bf423000 JavaThread "Keep-Alive-Timer" daemon [_thread_blocked, id=67147, stack(0x000070000d7a9000,0x000070000d8a9000)]
  0x00007f96bf429800 JavaThread "URL-Loader-22" daemon [_thread_blocked, id=58631, stack(0x000070000d41a000,0x000070000d51a000)]
  0x00007f96bf428800 JavaThread "process reaper" daemon [_thread_blocked, id=71943, stack(0x000070000cc4f000,0x000070000cc77000)]
  0x00007f96bf428000 JavaThread "URL-Loader-21" daemon [_thread_blocked, id=67339, stack(0x000070000d294000,0x000070000d394000)]
  0x00007f96bf427000 JavaThread "process reaper" daemon [_thread_blocked, id=67875, stack(0x000070000cc24000,0x000070000cc4c000)]
  0x00007f96be26a800 JavaThread "process reaper" daemon [_thread_blocked, id=4127, stack(0x000070000cbf9000,0x000070000cc21000)]
  0x00007f96bda60000 JavaThread "Disposer" daemon [_thread_blocked, id=51987, stack(0x000070000d191000,0x000070000d291000)]
  0x00007f96be227000 JavaThread "Prism Font Disposer" daemon [_thread_blocked, id=78855, stack(0x000070000d08e000,0x000070000d18e000)]
  0x00007f96bda59000 JavaThread "JavaFX-Launcher" [_thread_blocked, id=82439, stack(0x000070000ce85000,0x000070000cf85000)]
  0x00007f96be9ce000 JavaThread "Attach Listener" daemon [_thread_blocked, id=85251, stack(0x000070000cd82000,0x000070000ce82000)]
  0x00007f96be962000 JavaThread "Thread-3" daemon [_thread_in_native, id=34819, stack(0x000070000cc7c000,0x000070000ccfc000)]
=>0x00007f96bf199800 JavaThread "JavaFX Application Thread" [_thread_in_native, id=775, stack(0x00007ffee295e000,0x00007ffee315e000)]
  0x00007f96be91e000 JavaThread "Thread-1" daemon [_thread_blocked, id=40707, stack(0x000070000caf6000,0x000070000cbf6000)]
  0x00007f96bd944000 JavaThread "QuantumRenderer-0" daemon [_thread_blocked, id=15619, stack(0x000070000c9f3000,0x000070000caf3000)]
  0x00007f96bf055000 JavaThread "Service Thread" daemon [_thread_blocked, id=14851, stack(0x000070000c7ed000,0x000070000c8ed000)]
  0x00007f96bd882800 JavaThread "C1 CompilerThread2" daemon [_thread_blocked, id=18179, stack(0x000070000c6ea000,0x000070000c7ea000)]
  0x00007f96bd881800 JavaThread "C2 CompilerThread1" daemon [_thread_blocked, id=14595, stack(0x000070000c5e7000,0x000070000c6e7000)]
  0x00007f96be873000 JavaThread "C2 CompilerThread0" daemon [_thread_blocked, id=14083, stack(0x000070000c4e4000,0x000070000c5e4000)]
  0x00007f96bf050000 JavaThread "Monitor Ctrl-Break" daemon [_thread_in_native, id=18691, stack(0x000070000c3e1000,0x000070000c4e1000)]
  0x00007f96be025800 JavaThread "Signal Dispatcher" daemon [_thread_blocked, id=19203, stack(0x000070000c2de000,0x000070000c3de000)]
  0x00007f96be01a000 JavaThread "Finalizer" daemon [_thread_blocked, id=20227, stack(0x000070000c1db000,0x000070000c2db000)]
  0x00007f96bf01d000 JavaThread "Reference Handler" daemon [_thread_blocked, id=11523, stack(0x000070000c0d8000,0x000070000c1d8000)]
  0x00007f96bf008800 JavaThread "main" [_thread_blocked, id=5891, stack(0x000070000bac6000,0x000070000bbc6000)]

Other Threads:
  0x00007f96bd829000 VMThread [stack: 0x000070000bfd5000,0x000070000c0d5000] [id=20995]
  0x00007f96bf01d800 WatcherThread [stack: 0x000070000c8f0000,0x000070000c9f0000] [id=17667]

VM state:not at safepoint (normal execution)

VM Mutex/Monitor currently owned by a thread: None

Heap:
 PSYoungGen      total 217088K, used 73871K [0x0000000795580000, 0x00000007a7380000, 0x00000007c0000000)
  eden space 203264K, 35% used [0x0000000795580000,0x0000000799cf4c10,0x00000007a1c00000)
  from space 13824K, 5% used [0x00000007a1c00000,0x00000007a1caf008,0x00000007a2980000)
  to   space 14848K, 0% used [0x00000007a6500000,0x00000007a6500000,0x00000007a7380000)
 ParOldGen       total 56320K, used 30926K [0x0000000740000000, 0x0000000743700000, 0x0000000795580000)
  object space 56320K, 54% used [0x0000000740000000,0x0000000741e339a8,0x0000000743700000)
 Metaspace       used 26363K, capacity 27372K, committed 27648K, reserved 1073152K
  class space    used 3495K, capacity 3767K, committed 3840K, reserved 1048576K

Card table byte_map: [0x000000010e7c0000,0x000000010ebc1000] byte_map_base: 0x000000010adc0000

Marking Bits: (ParMarkBitMap*) 0x000000010d3d0cd0
 Begin Bits: [0x000000010ee6c000, 0x0000000110e6c000)
 End Bits:   [0x0000000110e6c000, 0x0000000112e6c000)

Polling page: 0x000000010dacf000

CodeCache: size=245760Kb used=10728Kb max_used=10746Kb free=235031Kb
 bounds [0x00000001193f6000, 0x0000000119e86000, 0x00000001283f6000]
 total_blobs=4313 nmethods=3507 adapters=718
 compilation: enabled

Compilation events (10 events):
Event: 29.870 Thread 0x00007f96bd882800 3881       3       java.lang.Class::getEnclosingClass (60 bytes)
Event: 29.871 Thread 0x00007f96bd882800 nmethod 3881 0x0000000119e76f50 code [0x0000000119e77180, 0x0000000119e77b88]
Event: 29.873 Thread 0x00007f96be873000 nmethod 3883 0x0000000119e78890 code [0x0000000119e78a00, 0x0000000119e78d18]
Event: 30.334 Thread 0x00007f96bd882800 3884       3       sun.security.provider.SHA2::implDigest (98 bytes)
Event: 30.335 Thread 0x00007f96bd882800 nmethod 3884 0x0000000119e7dad0 code [0x0000000119e7dc80, 0x0000000119e7e168]
Event: 30.822 Thread 0x00007f96bd881800 3886  s    4       java.io.BufferedInputStream::read (49 bytes)
Event: 30.822 Thread 0x00007f96be873000 3885       4       java.io.BufferedInputStream::getBufIfOpen (21 bytes)
Event: 30.823 Thread 0x00007f96be873000 nmethod 3885 0x0000000119e75810 code [0x0000000119e75960, 0x0000000119e759d8]
Event: 30.823 Thread 0x00007f96bd882800 3887       3       sun.security.ssl.InputRecord::setAppDataValid (6 bytes)
Event: 30.823 Thread 0x00007f96bd882800 nmethod 3887 0x0000000119e76c50 code [0x0000000119e76da0, 0x0000000119e76ef0]

GC Heap History (10 events):
Event: 23.671 GC heap before
{Heap before GC invocations=12 (full 1):
 PSYoungGen      total 135680K, used 129633K [0x0000000795580000, 0x000000079ea80000, 0x00000007c0000000)
  eden space 120832K, 100% used [0x0000000795580000,0x000000079cb80000,0x000000079cb80000)
  from space 14848K, 59% used [0x000000079d980000,0x000000079e218750,0x000000079e800000)
  to   space 14336K, 0% used [0x000000079cb80000,0x000000079cb80000,0x000000079d980000)
 ParOldGen       total 56320K, used 20449K [0x0000000740000000, 0x0000000743700000, 0x0000000795580000)
  object space 56320K, 36% used [0x0000000740000000,0x00000007413f8420,0x0000000743700000)
 Metaspace       used 25156K, capacity 26044K, committed 26368K, reserved 1073152K
  class space    used 3261K, capacity 3507K, committed 3584K, reserved 1048576K
Event: 23.675 GC heap after
Heap after GC invocations=12 (full 1):
 PSYoungGen      total 135168K, used 8598K [0x0000000795580000, 0x00000007a0500000, 0x00000007c0000000)
  eden space 120832K, 0% used [0x0000000795580000,0x0000000795580000,0x000000079cb80000)
  from space 14336K, 59% used [0x000000079cb80000,0x000000079d3e5ae8,0x000000079d980000)
  to   space 13824K, 0% used [0x000000079f780000,0x000000079f780000,0x00000007a0500000)
 ParOldGen       total 56320K, used 20457K [0x0000000740000000, 0x0000000743700000, 0x0000000795580000)
  object space 56320K, 36% used [0x0000000740000000,0x00000007413fa420,0x0000000743700000)
 Metaspace       used 25156K, capacity 26044K, committed 26368K, reserved 1073152K
  class space    used 3261K, capacity 3507K, committed 3584K, reserved 1048576K
}
Event: 23.884 GC heap before
{Heap before GC invocations=13 (full 1):
 PSYoungGen      total 135168K, used 129430K [0x0000000795580000, 0x00000007a0500000, 0x00000007c0000000)
  eden space 120832K, 100% used [0x0000000795580000,0x000000079cb80000,0x000000079cb80000)
  from space 14336K, 59% used [0x000000079cb80000,0x000000079d3e5ae8,0x000000079d980000)
  to   space 13824K, 0% used [0x000000079f780000,0x000000079f780000,0x00000007a0500000)
 ParOldGen       total 56320K, used 20457K [0x0000000740000000, 0x0000000743700000, 0x0000000795580000)
  object space 56320K, 36% used [0x0000000740000000,0x00000007413fa420,0x0000000743700000)
 Metaspace       used 25159K, capacity 26044K, committed 26368K, reserved 1073152K
  class space    used 3261K, capacity 3507K, committed 3584K, reserved 1048576K
Event: 23.893 GC heap after
Heap after GC invocations=13 (full 1):
 PSYoungGen      total 166400K, used 8550K [0x0000000795580000, 0x00000007a0e00000, 0x00000007c0000000)
  eden space 152576K, 0% used [0x0000000795580000,0x0000000795580000,0x000000079ea80000)
  from space 13824K, 61% used [0x000000079f780000,0x000000079ffd9aa8,0x00000007a0500000)
  to   space 13312K, 0% used [0x000000079ea80000,0x000000079ea80000,0x000000079f780000)
 ParOldGen       total 56320K, used 20465K [0x0000000740000000, 0x0000000743700000, 0x0000000795580000)
  object space 56320K, 36% used [0x0000000740000000,0x00000007413fc420,0x0000000743700000)
 Metaspace       used 25159K, capacity 26044K, committed 26368K, reserved 1073152K
  class space    used 3261K, capacity 3507K, committed 3584K, reserved 1048576K
}
Event: 24.386 GC heap before
{Heap before GC invocations=14 (full 1):
 PSYoungGen      total 166400K, used 160953K [0x0000000795580000, 0x00000007a0e00000, 0x00000007c0000000)
  eden space 152576K, 99% used [0x0000000795580000,0x000000079ea549b0,0x000000079ea80000)
  from space 13824K, 61% used [0x000000079f780000,0x000000079ffd9aa8,0x00000007a0500000)
  to   space 13312K, 0% used [0x000000079ea80000,0x000000079ea80000,0x000000079f780000)
 ParOldGen       total 56320K, used 20465K [0x0000000740000000, 0x0000000743700000, 0x0000000795580000)
  object space 56320K, 36% used [0x0000000740000000,0x00000007413fc420,0x0000000743700000)
 Metaspace       used 25219K, capacity 26108K, committed 26368K, reserved 1073152K
  class space    used 3261K, capacity 3507K, committed 3584K, reserved 1048576K
Event: 24.394 GC heap after
Heap after GC invocations=14 (full 1):
 PSYoungGen      total 165888K, used 11178K [0x0000000795580000, 0x00000007a3780000, 0x00000007c0000000)
  eden space 152576K, 0% used [0x0000000795580000,0x0000000795580000,0x000000079ea80000)
  from space 13312K, 83% used [0x000000079ea80000,0x000000079f56ab18,0x000000079f780000)
  to   space 13824K, 0% used [0x00000007a2a00000,0x00000007a2a00000,0x00000007a3780000)
 ParOldGen       total 56320K, used 20473K [0x0000000740000000, 0x0000000743700000, 0x0000000795580000)
  object space 56320K, 36% used [0x0000000740000000,0x00000007413fe420,0x0000000743700000)
 Metaspace       used 25219K, capacity 26108K, committed 26368K, reserved 1073152K
  class space    used 3261K, capacity 3507K, committed 3584K, reserved 1048576K
}
Event: 24.793 GC heap before
{Heap before GC invocations=15 (full 1):
 PSYoungGen      total 165888K, used 163754K [0x0000000795580000, 0x00000007a3780000, 0x00000007c0000000)
  eden space 152576K, 100% used [0x0000000795580000,0x000000079ea80000,0x000000079ea80000)
  from space 13312K, 83% used [0x000000079ea80000,0x000000079f56ab18,0x000000079f780000)
  to   space 13824K, 0% used [0x00000007a2a00000,0x00000007a2a00000,0x00000007a3780000)
 ParOldGen       total 56320K, used 20473K [0x0000000740000000, 0x0000000743700000, 0x0000000795580000)
  object space 56320K, 36% used [0x0000000740000000,0x00000007413fe420,0x0000000743700000)
 Metaspace       used 25245K, capacity 26108K, committed 26368K, reserved 1073152K
  class space    used 3261K, capacity 3507K, committed 3584K, reserved 1048576K
Event: 24.800 GC heap after
Heap after GC invocations=15 (full 1):
 PSYoungGen      total 216576K, used 4600K [0x0000000795580000, 0x00000007a3700000, 0x00000007c0000000)
  eden space 203264K, 0% used [0x0000000795580000,0x0000000795580000,0x00000007a1c00000)
  from space 13312K, 34% used [0x00000007a2a00000,0x00000007a2e7e2d0,0x00000007a3700000)
  to   space 13824K, 0% used [0x00000007a1c00000,0x00000007a1c00000,0x00000007a2980000)
 ParOldGen       total 56320K, used 25214K [0x0000000740000000, 0x0000000743700000, 0x0000000795580000)
  object space 56320K, 44% used [0x0000000740000000,0x000000074189f800,0x0000000743700000)
 Metaspace       used 25245K, capacity 26108K, committed 26368K, reserved 1073152K
  class space    used 3261K, capacity 3507K, committed 3584K, reserved 1048576K
}
Event: 26.619 GC heap before
{Heap before GC invocations=16 (full 1):
 PSYoungGen      total 216576K, used 207783K [0x0000000795580000, 0x00000007a3700000, 0x00000007c0000000)
  eden space 203264K, 99% used [0x0000000795580000,0x00000007a1bebb78,0x00000007a1c00000)
  from space 13312K, 34% used [0x00000007a2a00000,0x00000007a2e7e2d0,0x00000007a3700000)
  to   space 13824K, 0% used [0x00000007a1c00000,0x00000007a1c00000,0x00000007a2980000)
 ParOldGen       total 56320K, used 25214K [0x0000000740000000, 0x0000000743700000, 0x0000000795580000)
  object space 56320K, 44% used [0x0000000740000000,0x000000074189f800,0x0000000743700000)
 Metaspace       used 25269K, capacity 26178K, committed 26368K, reserved 1073152K
  class space    used 3262K, capacity 3508K, committed 3584K, reserved 1048576K
Event: 26.622 GC heap after
Heap after GC invocations=16 (full 1):
 PSYoungGen      total 217088K, used 700K [0x0000000795580000, 0x00000007a7380000, 0x00000007c0000000)
  eden space 203264K, 0% used [0x0000000795580000,0x0000000795580000,0x00000007a1c00000)
  from space 13824K, 5% used [0x00000007a1c00000,0x00000007a1caf008,0x00000007a2980000)
  to   space 14848K, 0% used [0x00000007a6500000,0x00000007a6500000,0x00000007a7380000)
 ParOldGen       total 56320K, used 30926K [0x0000000740000000, 0x0000000743700000, 0x0000000795580000)
  object space 56320K, 54% used [0x0000000740000000,0x0000000741e339a8,0x0000000743700000)
 Metaspace       used 25269K, capacity 26178K, committed 26368K, reserved 1073152K
  class space    used 3262K, capacity 3508K, committed 3584K, reserved 1048576K
}

Deoptimization events (10 events):
Event: 27.541 Thread 0x00007f96bf199800 Uncommon trap: reason=unstable_if action=reinterpret pc=0x0000000119d60d34 method=javafx.scene.Node.updateLocalToParentTransform()V @ 4
Event: 27.549 Thread 0x00007f96bf199800 Uncommon trap: reason=unstable_if action=reinterpret pc=0x0000000119d9030c method=com.sun.javafx.geom.RectBounds.deriveWithNewBounds(Lcom/sun/javafx/geom/BaseBounds;)Lcom/sun/javafx/geom/BaseBounds; @ 4
Event: 27.570 Thread 0x00007f96bf199800 Uncommon trap: reason=unstable_if action=reinterpret pc=0x0000000119daf3cc method=java.util.ArrayList.indexOf(Ljava/lang/Object;)I @ 1
Event: 27.586 Thread 0x00007f96bf199800 Uncommon trap: reason=unstable_if action=reinterpret pc=0x00000001198a0cc4 method=javafx.beans.property.ObjectPropertyBase.get()Ljava/lang/Object; @ 9
Event: 27.587 Thread 0x00007f96bf199800 Uncommon trap: reason=null_check action=make_not_entrant pc=0x0000000119dfdc08 method=javafx.scene.Node.getParent()Ljavafx/scene/Parent; @ 18
Event: 27.598 Thread 0x00007f96bf199800 Uncommon trap: reason=bimorphic action=maybe_recompile pc=0x0000000119966534 method=java.io.DataInputStream.readChar()C @ 4
Event: 27.599 Thread 0x00007f96bf199800 Uncommon trap: reason=bimorphic action=maybe_recompile pc=0x0000000119966534 method=java.io.DataInputStream.readChar()C @ 4
Event: 27.599 Thread 0x00007f96bf199800 Uncommon trap: reason=bimorphic action=maybe_recompile pc=0x0000000119966534 method=java.io.DataInputStream.readChar()C @ 4
Event: 27.599 Thread 0x00007f96bf199800 Uncommon trap: reason=bimorphic action=maybe_recompile pc=0x0000000119966534 method=java.io.DataInputStream.readChar()C @ 4
Event: 27.627 Thread 0x00007f96bd944000 Uncommon trap: reason=unstable_if action=reinterpret pc=0x0000000119d21d48 method=com.sun.prism.es2.ES2Context.updateShaderTransform(Lcom/sun/prism/ps/Shader;Lcom/sun/javafx/geom/transform/BaseTransform;)V @ 48

Classes redefined (0 events):
No events

Internal exceptions (10 events):
Event: 1.186 Thread 0x00007f96bf199800 Exception <a 'java/lang/ArrayIndexOutOfBoundsException': 60> (0x0000000796143c80) thrown at [/Users/java_re/workspace/8-2-build-macosx-x86_64/jdk8u181/11358/hotspot/src/share/vm/interpreter/interpreterRuntime.cpp, line 366]
Event: 1.363 Thread 0x00007f96bf199800 Exception <a 'java/lang/NullPointerException'> (0x0000000796690248) thrown at [/Users/java_re/workspace/8-2-build-macosx-x86_64/jdk8u181/11358/hotspot/src/share/vm/interpreter/linkResolver.cpp, line 1185]
Event: 1.363 Thread 0x00007f96bf199800 Exception <a 'java/lang/NullPointerException'> (0x0000000796690248) thrown at [/Users/java_re/workspace/8-2-build-macosx-x86_64/jdk8u181/11358/hotspot/src/share/vm/prims/jvm.cpp, line 1439]
Event: 1.732 Thread 0x00007f96bf199800 Exception <a 'sun/nio/fs/UnixException'> (0x0000000797072918) thrown at [/Users/java_re/workspace/8-2-build-macosx-x86_64/jdk8u181/11358/hotspot/src/share/vm/prims/jni.cpp, line 709]
Event: 1.734 Thread 0x00007f96bf199800 Exception <a 'sun/nio/fs/UnixException'> (0x00000007970780d8) thrown at [/Users/java_re/workspace/8-2-build-macosx-x86_64/jdk8u181/11358/hotspot/src/share/vm/prims/jni.cpp, line 709]
Event: 1.743 Thread 0x00007f96bf199800 Implicit null exception at 0x000000011966f535 to 0x000000011966f8f1
Event: 1.752 Thread 0x00007f96be237000 Implicit null exception at 0x00000001196064f6 to 0x00000001196068b5
Event: 1.773 Thread 0x00007f96bf199800 Implicit null exception at 0x00000001196f0f8f to 0x00000001196f2179
Event: 27.570 Thread 0x00007f96bf199800 Implicit null exception at 0x0000000119daf176 to 0x0000000119daf3bd
Event: 27.587 Thread 0x00007f96bf199800 Implicit null exception at 0x0000000119dfdba9 to 0x0000000119dfdbfd

Events (10 events):
Event: 30.325 Thread 0x00007f96bdbc3000 Thread added: 0x00007f96bdbc3000
Event: 30.325 Executing VM operation: RevokeBias
Event: 30.325 Executing VM operation: RevokeBias done
Event: 30.325 Thread 0x00007f96bdbc3000 Thread exited: 0x00007f96bdbc3000
Event: 30.335 Thread 0x00007f96bdbc3000 Thread added: 0x00007f96bdbc3000
Event: 30.335 Executing VM operation: RevokeBias
Event: 30.335 Executing VM operation: RevokeBias done
Event: 30.335 Thread 0x00007f96bdbc3000 Thread exited: 0x00007f96bdbc3000
Event: 30.823 Thread 0x00007f96be873000 flushing nmethod 0x00000001194fb090
Event: 30.823 Thread 0x00007f96be873000 flushing nmethod 0x0000000119538390


Dynamic libraries:
0x00007fff4c921000 	/System/Library/Frameworks/Cocoa.framework/Versions/A/Cocoa
0x00007fff586c5000 	/System/Library/Frameworks/Security.framework/Versions/A/Security
0x00007fff4b5b4000 	/System/Library/Frameworks/ApplicationServices.framework/Versions/A/ApplicationServices
0x00007fff787b3000 	/usr/lib/libz.1.dylib
0x00007fff7610d000 	/usr/lib/libSystem.B.dylib
0x00007fff77944000 	/usr/lib/libobjc.A.dylib
0x00007fff4d196000 	/System/Library/Frameworks/CoreFoundation.framework/Versions/A/CoreFoundation
0x00007fff4f419000 	/System/Library/Frameworks/Foundation.framework/Versions/C/Foundation
0x00007fff4a7ad000 	/System/Library/Frameworks/AppKit.framework/Versions/C/AppKit
0x00007fff4cd1f000 	/System/Library/Frameworks/CoreData.framework/Versions/A/CoreData
0x00007fff6fbd3000 	/System/Library/PrivateFrameworks/RemoteViewServices.framework/Versions/A/RemoteViewServices
0x00007fff73e4a000 	/System/Library/PrivateFrameworks/UIFoundation.framework/Versions/A/UIFoundation
0x00007fff7552e000 	/System/Library/PrivateFrameworks/XCTTargetBootstrap.framework/Versions/A/XCTTargetBootstrap
0x00007fff4d0a5000 	/System/Library/Frameworks/CoreDisplay.framework/Versions/A/CoreDisplay
0x00007fff6a90d000 	/System/Library/PrivateFrameworks/IconServices.framework/Versions/A/IconServices
0x00007fff51d3a000 	/System/Library/Frameworks/Metal.framework/Versions/A/Metal
0x00007fff61e50000 	/System/Library/PrivateFrameworks/DesktopServicesPriv.framework/Versions/A/DesktopServicesPriv
0x00007fff76ca7000 	/usr/lib/libenergytrace.dylib
0x00007fff72331000 	/System/Library/PrivateFrameworks/SkyLight.framework/Versions/A/SkyLight
0x00007fff4d5dd000 	/System/Library/Frameworks/CoreGraphics.framework/Versions/A/CoreGraphics
0x00007fff49579000 	/System/Library/Frameworks/Accelerate.framework/Versions/A/Accelerate
0x00007fff4fb62000 	/System/Library/Frameworks/IOSurface.framework/Versions/A/IOSurface
0x00007fff61cbc000 	/System/Library/PrivateFrameworks/DFRFoundation.framework/Versions/A/DFRFoundation
0x00007fff4ba97000 	/System/Library/Frameworks/AudioToolbox.framework/Versions/A/AudioToolbox
0x00007fff4bd10000 	/System/Library/Frameworks/AudioUnit.framework/Versions/A/AudioUnit
0x00007fff61d51000 	/System/Library/PrivateFrameworks/DataDetectorsCore.framework/Versions/A/DataDetectorsCore
0x00007fff4c424000 	/System/Library/Frameworks/Carbon.framework/Versions/A/Frameworks/HIToolbox.framework/Versions/A/HIToolbox
0x00007fff76e00000 	/usr/lib/libicucore.A.dylib
0x00007fff57c39000 	/System/Library/Frameworks/QuartzCore.framework/Versions/A/QuartzCore
0x00007fff4c7f9000 	/System/Library/Frameworks/Carbon.framework/Versions/A/Frameworks/SpeechRecognition.framework/Versions/A/SpeechRecognition
0x00007fff76261000 	/usr/lib/libauto.dylib
0x00007fff786a7000 	/usr/lib/libxml2.2.dylib
0x00007fff61897000 	/System/Library/PrivateFrameworks/CoreUI.framework/Versions/A/CoreUI
0x00007fff4cc0a000 	/System/Library/Frameworks/CoreAudio.framework/Versions/A/CoreAudio
0x00007fff4f24e000 	/System/Library/Frameworks/DiskArbitration.framework/Versions/A/DiskArbitration
0x00007fff770ae000 	/usr/lib/liblangid.dylib
0x00007fff6bd18000 	/System/Library/PrivateFrameworks/MultitouchSupport.framework/Versions/A/MultitouchSupport
0x00007fff4fad1000 	/System/Library/Frameworks/IOKit.framework/Versions/A/IOKit
0x00007fff75ccd000 	/usr/lib/libDiagnosticMessagesClient.dylib
0x00007fff4e3ec000 	/System/Library/Frameworks/CoreServices.framework/Versions/A/CoreServices
0x00007fff6d9d2000 	/System/Library/PrivateFrameworks/PerformanceAnalysis.framework/Versions/A/PerformanceAnalysis
0x00007fff56e27000 	/System/Library/Frameworks/OpenGL.framework/Versions/A/OpenGL
0x00007fff4c92f000 	/System/Library/Frameworks/ColorSync.framework/Versions/A/ColorSync
0x00007fff4dc6e000 	/System/Library/Frameworks/CoreImage.framework/Versions/A/CoreImage
0x00007fff4edc4000 	/System/Library/Frameworks/CoreText.framework/Versions/A/CoreText
0x00007fff4fbc5000 	/System/Library/Frameworks/ImageIO.framework/Versions/A/ImageIO
0x00007fff5dee9000 	/System/Library/PrivateFrameworks/Backup.framework/Versions/A/Backup
0x00007fff761b4000 	/usr/lib/libarchive.2.dylib
0x00007fff4c069000 	/System/Library/Frameworks/CFNetwork.framework/Versions/A/CFNetwork
0x00007fff58e21000 	/System/Library/Frameworks/SystemConfiguration.framework/Versions/A/SystemConfiguration
0x00007fff75bfe000 	/usr/lib/libCRFSuite.dylib
0x00007fff76350000 	/usr/lib/libc++.1.dylib
0x00007fff763a4000 	/usr/lib/libc++abi.dylib
0x00007fff78fa9000 	/usr/lib/system/libcache.dylib
0x00007fff78fae000 	/usr/lib/system/libcommonCrypto.dylib
0x00007fff78fb9000 	/usr/lib/system/libcompiler_rt.dylib
0x00007fff78fc1000 	/usr/lib/system/libcopyfile.dylib
0x00007fff78fcb000 	/usr/lib/system/libcorecrypto.dylib
0x00007fff790d6000 	/usr/lib/system/libdispatch.dylib
0x00007fff79110000 	/usr/lib/system/libdyld.dylib
0x00007fff7913d000 	/usr/lib/system/libkeymgr.dylib
0x00007fff7914b000 	/usr/lib/system/liblaunch.dylib
0x00007fff7914c000 	/usr/lib/system/libmacho.dylib
0x00007fff79152000 	/usr/lib/system/libquarantine.dylib
0x00007fff79155000 	/usr/lib/system/libremovefile.dylib
0x00007fff79157000 	/usr/lib/system/libsystem_asl.dylib
0x00007fff7916f000 	/usr/lib/system/libsystem_blocks.dylib
0x00007fff79170000 	/usr/lib/system/libsystem_c.dylib
0x00007fff791f8000 	/usr/lib/system/libsystem_configuration.dylib
0x00007fff791fc000 	/usr/lib/system/libsystem_coreservices.dylib
0x00007fff79200000 	/usr/lib/system/libsystem_darwin.dylib
0x00007fff79207000 	/usr/lib/system/libsystem_dnssd.dylib
0x00007fff7920e000 	/usr/lib/system/libsystem_info.dylib
0x00007fff79283000 	/usr/lib/system/libsystem_m.dylib
0x00007fff792cf000 	/usr/lib/system/libsystem_malloc.dylib
0x00007fff792fa000 	/usr/lib/system/libsystem_networkextension.dylib
0x00007fff79305000 	/usr/lib/system/libsystem_notify.dylib
0x00007fff79322000 	/usr/lib/system/libsystem_sandbox.dylib
0x00007fff79326000 	/usr/lib/system/libsystem_secinit.dylib
0x00007fff7925a000 	/usr/lib/system/libsystem_kernel.dylib
0x00007fff7930d000 	/usr/lib/system/libsystem_platform.dylib
0x00007fff79317000 	/usr/lib/system/libsystem_pthread.dylib
0x00007fff79329000 	/usr/lib/system/libsystem_symptoms.dylib
0x00007fff79331000 	/usr/lib/system/libsystem_trace.dylib
0x00007fff79348000 	/usr/lib/system/libunwind.dylib
0x00007fff7934e000 	/usr/lib/system/libxpc.dylib
0x00007fff76331000 	/usr/lib/libbsm.0.dylib
0x00007fff7913e000 	/usr/lib/system/libkxld.dylib
0x00007fff5d2da000 	/System/Library/PrivateFrameworks/AppleFSCompression.framework/Versions/A/AppleFSCompression
0x00007fff75fcd000 	/usr/lib/libOpenScriptingUtil.dylib
0x00007fff76659000 	/usr/lib/libcoretls.dylib
0x00007fff76670000 	/usr/lib/libcoretls_cfhelpers.dylib
0x00007fff780db000 	/usr/lib/libpam.2.dylib
0x00007fff7829b000 	/usr/lib/libsqlite3.dylib
0x00007fff78695000 	/usr/lib/libxar.1.dylib
0x00007fff76342000 	/usr/lib/libbz2.1.0.dylib
0x00007fff770b0000 	/usr/lib/liblzma.5.dylib
0x00007fff77561000 	/usr/lib/libnetwork.dylib
0x00007fff7619d000 	/usr/lib/libapple_nghttp2.dylib
0x00007fff780e2000 	/usr/lib/libpcap.A.dylib
0x00007fff4e78b000 	/System/Library/Frameworks/CoreServices.framework/Versions/A/Frameworks/FSEvents.framework/Versions/A/FSEvents
0x00007fff4e46a000 	/System/Library/Frameworks/CoreServices.framework/Versions/A/Frameworks/CarbonCore.framework/Versions/A/CarbonCore
0x00007fff4e946000 	/System/Library/Frameworks/CoreServices.framework/Versions/A/Frameworks/Metadata.framework/Versions/A/Metadata
0x00007fff4e9e5000 	/System/Library/Frameworks/CoreServices.framework/Versions/A/Frameworks/OSServices.framework/Versions/A/OSServices
0x00007fff4ea30000 	/System/Library/Frameworks/CoreServices.framework/Versions/A/Frameworks/SearchKit.framework/Versions/A/SearchKit
0x00007fff4e3ed000 	/System/Library/Frameworks/CoreServices.framework/Versions/A/Frameworks/AE.framework/Versions/A/AE
0x00007fff4e794000 	/System/Library/Frameworks/CoreServices.framework/Versions/A/Frameworks/LaunchServices.framework/Versions/A/LaunchServices
0x00007fff4e742000 	/System/Library/Frameworks/CoreServices.framework/Versions/A/Frameworks/DictionaryServices.framework/Versions/A/DictionaryServices
0x00007fff4ea98000 	/System/Library/Frameworks/CoreServices.framework/Versions/A/Frameworks/SharedFileList.framework/Versions/A/SharedFileList
0x00007fff52e02000 	/System/Library/Frameworks/NetFS.framework/Versions/A/NetFS
0x00007fff6bf7e000 	/System/Library/PrivateFrameworks/NetAuth.framework/Versions/A/NetAuth
0x00007fff75932000 	/System/Library/PrivateFrameworks/login.framework/Versions/A/Frameworks/loginsupport.framework/Versions/A/loginsupport
0x00007fff73a53000 	/System/Library/PrivateFrameworks/TCC.framework/Versions/A/TCC
0x00007fff60ef4000 	/System/Library/PrivateFrameworks/CoreNLP.framework/Versions/A/CoreNLP
0x00007fff6ba13000 	/System/Library/PrivateFrameworks/MetadataUtilities.framework/Versions/A/MetadataUtilities
0x00007fff77185000 	/usr/lib/libmecabra.dylib
0x00007fff4b5b5000 	/System/Library/Frameworks/ApplicationServices.framework/Versions/A/Frameworks/ATS.framework/Versions/A/ATS
0x00007fff4b904000 	/System/Library/Frameworks/ApplicationServices.framework/Versions/A/Frameworks/ColorSyncLegacy.framework/Versions/A/ColorSyncLegacy
0x00007fff4b9a3000 	/System/Library/Frameworks/ApplicationServices.framework/Versions/A/Frameworks/HIServices.framework/Versions/A/HIServices
0x00007fff4b9f6000 	/System/Library/Frameworks/ApplicationServices.framework/Versions/A/Frameworks/LangAnalysis.framework/Versions/A/LangAnalysis
0x00007fff4ba06000 	/System/Library/Frameworks/ApplicationServices.framework/Versions/A/Frameworks/PrintCore.framework/Versions/A/PrintCore
0x00007fff4ba50000 	/System/Library/Frameworks/ApplicationServices.framework/Versions/A/Frameworks/QD.framework/Versions/A/QD
0x00007fff4ba8a000 	/System/Library/Frameworks/ApplicationServices.framework/Versions/A/Frameworks/SpeechSynthesis.framework/Versions/A/SpeechSynthesis
0x00007fff763cc000 	/usr/lib/libcompression.dylib
0x00007fff5200a000 	/System/Library/Frameworks/MetalPerformanceShaders.framework/Versions/A/MetalPerformanceShaders
0x00007fff49591000 	/System/Library/Frameworks/Accelerate.framework/Versions/A/Frameworks/vImage.framework/Versions/A/vImage
0x00007fff4a60b000 	/System/Library/Frameworks/Accelerate.framework/Versions/A/Frameworks/vecLib.framework/Versions/A/vecLib
0x00007fff4a557000 	/System/Library/Frameworks/Accelerate.framework/Versions/A/Frameworks/vecLib.framework/Versions/A/libvMisc.dylib
0x00007fff4a36f000 	/System/Library/Frameworks/Accelerate.framework/Versions/A/Frameworks/vecLib.framework/Versions/A/libvDSP.dylib
0x00007fff49c2b000 	/System/Library/Frameworks/Accelerate.framework/Versions/A/Frameworks/vecLib.framework/Versions/A/libBLAS.dylib
0x00007fff49f18000 	/System/Library/Frameworks/Accelerate.framework/Versions/A/Frameworks/vecLib.framework/Versions/A/libLAPACK.dylib
0x00007fff4a2c2000 	/System/Library/Frameworks/Accelerate.framework/Versions/A/Frameworks/vecLib.framework/Versions/A/libLinearAlgebra.dylib
0x00007fff4a35b000 	/System/Library/Frameworks/Accelerate.framework/Versions/A/Frameworks/vecLib.framework/Versions/A/libSparseBLAS.dylib
0x00007fff4a2d8000 	/System/Library/Frameworks/Accelerate.framework/Versions/A/Frameworks/vecLib.framework/Versions/A/libQuadrature.dylib
0x00007fff49ea5000 	/System/Library/Frameworks/Accelerate.framework/Versions/A/Frameworks/vecLib.framework/Versions/A/libBNNS.dylib
0x00007fff4a2de000 	/System/Library/Frameworks/Accelerate.framework/Versions/A/Frameworks/vecLib.framework/Versions/A/libSparse.dylib
0x00007fff68242000 	/System/Library/PrivateFrameworks/GPUWrangler.framework/Versions/A/GPUWrangler
0x00007fff6a542000 	/System/Library/PrivateFrameworks/IOAccelerator.framework/Versions/A/IOAccelerator
0x00007fff6a54d000 	/System/Library/PrivateFrameworks/IOPresentment.framework/Versions/A/IOPresentment
0x00007fff61ccc000 	/System/Library/PrivateFrameworks/DSExternalDisplay.framework/Versions/A/DSExternalDisplay
0x00007fff5627e000 	/System/Library/Frameworks/OpenGL.framework/Versions/A/Libraries/libCoreFSCache.dylib
0x00007fff51dfe000 	/System/Library/Frameworks/MetalPerformanceShaders.framework/Frameworks/MPSCore.framework/Versions/A/MPSCore
0x00007fff51e1e000 	/System/Library/Frameworks/MetalPerformanceShaders.framework/Frameworks/MPSImage.framework/Versions/A/MPSImage
0x00007fff51ec3000 	/System/Library/Frameworks/MetalPerformanceShaders.framework/Frameworks/MPSNeuralNetwork.framework/Versions/A/MPSNeuralNetwork
0x00007fff51e9b000 	/System/Library/Frameworks/MetalPerformanceShaders.framework/Frameworks/MPSMatrix.framework/Versions/A/MPSMatrix
0x00007fff51fef000 	/System/Library/Frameworks/MetalPerformanceShaders.framework/Frameworks/MPSRayIntersector.framework/Versions/A/MPSRayIntersector
0x00007fff6ba3c000 	/System/Library/PrivateFrameworks/MetalTools.framework/Versions/A/MetalTools
0x00007fff5cb84000 	/System/Library/PrivateFrameworks/AggregateDictionary.framework/Versions/A/AggregateDictionary
0x00007fff75fad000 	/usr/lib/libMobileGestalt.dylib
0x00007fff4ef27000 	/System/Library/Frameworks/CoreVideo.framework/Versions/A/CoreVideo
0x00007fff69053000 	/System/Library/PrivateFrameworks/GraphVisualizer.framework/Versions/A/GraphVisualizer
0x00007fff62ed2000 	/System/Library/PrivateFrameworks/FaceCore.framework/Versions/A/FaceCore
0x00007fff558ac000 	/System/Library/Frameworks/OpenCL.framework/Versions/A/OpenCL
0x00007fff75d05000 	/usr/lib/libFosl_dynamic.dylib
0x00007fff6c7e9000 	/System/Library/PrivateFrameworks/OTSVG.framework/Versions/A/OTSVG
0x00007fff4b6b9000 	/System/Library/Frameworks/ApplicationServices.framework/Versions/A/Frameworks/ATS.framework/Versions/A/Resources/libFontParser.dylib
0x00007fff4b7d1000 	/System/Library/Frameworks/ApplicationServices.framework/Versions/A/Frameworks/ATS.framework/Versions/A/Resources/libFontRegistry.dylib
0x00007fff4fe33000 	/System/Library/Frameworks/ImageIO.framework/Versions/A/Resources/libJPEG.dylib
0x00007fff50145000 	/System/Library/Frameworks/ImageIO.framework/Versions/A/Resources/libTIFF.dylib
0x00007fff5011b000 	/System/Library/Frameworks/ImageIO.framework/Versions/A/Resources/libPng.dylib
0x00007fff4fd51000 	/System/Library/Frameworks/ImageIO.framework/Versions/A/Resources/libGIF.dylib
0x00007fff4fd56000 	/System/Library/Frameworks/ImageIO.framework/Versions/A/Resources/libJP2.dylib
0x00007fff50142000 	/System/Library/Frameworks/ImageIO.framework/Versions/A/Resources/libRadiance.dylib
0x00007fff5d431000 	/System/Library/PrivateFrameworks/AppleJPEG.framework/Versions/A/AppleJPEG
0x00007fff56289000 	/System/Library/Frameworks/OpenGL.framework/Versions/A/Libraries/libGFXShared.dylib
0x00007fff5644c000 	/System/Library/Frameworks/OpenGL.framework/Versions/A/Libraries/libGLU.dylib
0x00007fff56292000 	/System/Library/Frameworks/OpenGL.framework/Versions/A/Libraries/libGL.dylib
0x00007fff5629e000 	/System/Library/Frameworks/OpenGL.framework/Versions/A/Libraries/libGLImage.dylib
0x00007fff5627b000 	/System/Library/Frameworks/OpenGL.framework/Versions/A/Libraries/libCVMSPluginSupport.dylib
0x00007fff56284000 	/System/Library/Frameworks/OpenGL.framework/Versions/A/Libraries/libCoreVMClient.dylib
0x00007fff76b1d000 	/usr/lib/libcups.2.dylib
0x00007fff51305000 	/System/Library/Frameworks/Kerberos.framework/Versions/A/Kerberos
0x00007fff4f835000 	/System/Library/Frameworks/GSS.framework/Versions/A/GSS
0x00007fff78230000 	/usr/lib/libresolv.9.dylib
0x00007fff76d0f000 	/usr/lib/libiconv.2.dylib
0x00007fff691c8000 	/System/Library/PrivateFrameworks/Heimdal.framework/Versions/A/Heimdal
0x00007fff76cdf000 	/usr/lib/libheimdal-asn1.dylib
0x00007fff55920000 	/System/Library/Frameworks/OpenDirectory.framework/Versions/A/OpenDirectory
0x00007fff5fc57000 	/System/Library/PrivateFrameworks/CommonAuth.framework/Versions/A/CommonAuth
0x00007fff55904000 	/System/Library/Frameworks/OpenDirectory.framework/Versions/A/Frameworks/CFOpenDirectory.framework/Versions/A/CFOpenDirectory
0x00007fff589c6000 	/System/Library/Frameworks/SecurityFoundation.framework/Versions/A/SecurityFoundation
0x00007fff5c0ca000 	/System/Library/PrivateFrameworks/APFS.framework/Versions/A/APFS
0x00007fff78691000 	/usr/lib/libutil.dylib
0x00007fff763ba000 	/usr/lib/libcharset.1.dylib
0x00007fff5d6ce000 	/System/Library/PrivateFrameworks/AppleSauce.framework/Versions/A/AppleSauce
0x00007fff5d84f000 	/System/Library/PrivateFrameworks/AssertionServices.framework/Versions/A/AssertionServices
0x00007fff5df7f000 	/System/Library/PrivateFrameworks/BaseBoard.framework/Versions/A/BaseBoard
0x00007fff770e0000 	/usr/lib/libmecab.1.0.0.dylib
0x00007fff76cd9000 	/usr/lib/libgermantok.dylib
0x00007fff7618a000 	/usr/lib/libThaiTokenizer.dylib
0x00007fff75c35000 	/usr/lib/libChineseTokenizer.dylib
0x00007fff6abfa000 	/System/Library/PrivateFrameworks/LanguageModeling.framework/Versions/A/LanguageModeling
0x00007fff60939000 	/System/Library/PrivateFrameworks/CoreEmoji.framework/Versions/A/CoreEmoji
0x00007fff6acd6000 	/System/Library/PrivateFrameworks/Lexicon.framework/Versions/A/Lexicon
0x00007fff6ad19000 	/System/Library/PrivateFrameworks/LinguisticData.framework/Versions/A/LinguisticData
0x00007fff763bb000 	/usr/lib/libcmph.dylib
0x00007fff58a84000 	/System/Library/Frameworks/ServiceManagement.framework/Versions/A/ServiceManagement
0x00007fff5dee0000 	/System/Library/PrivateFrameworks/BackgroundTaskManagement.framework/Versions/A/BackgroundTaskManagement
0x00007fff7878a000 	/usr/lib/libxslt.1.dylib
0x00007fff4c726000 	/System/Library/Frameworks/Carbon.framework/Versions/A/Frameworks/Ink.framework/Versions/A/Ink
0x00007fff73cc5000 	/System/Library/PrivateFrameworks/TextureIO.framework/Versions/A/TextureIO
0x00007fff761de000 	/usr/lib/libate.dylib
0x00007fff61c1b000 	/System/Library/PrivateFrameworks/CrashReporterSupport.framework/Versions/A/CrashReporterSupport
0x00007fff713ff000 	/System/Library/PrivateFrameworks/Sharing.framework/Versions/A/Sharing
0x00007fff5dc32000 	/System/Library/PrivateFrameworks/AuthKit.framework/Versions/A/AuthKit
0x00007fff5d186000 	/System/Library/PrivateFrameworks/Apple80211.framework/Versions/A/Apple80211
0x00007fff619c3000 	/System/Library/PrivateFrameworks/CoreUtils.framework/Versions/A/CoreUtils
0x00007fff4ef68000 	/System/Library/Frameworks/CoreWLAN.framework/Versions/A/CoreWLAN
0x00007fff4f964000 	/System/Library/Frameworks/IOBluetooth.framework/Versions/A/IOBluetooth
0x00007fff6f873000 	/System/Library/PrivateFrameworks/ProtocolBuffer.framework/Versions/A/ProtocolBuffer
0x00007fff6bc74000 	/System/Library/PrivateFrameworks/MobileKeyBag.framework/Versions/A/MobileKeyBag
0x00007fff61207000 	/System/Library/PrivateFrameworks/CorePhoneNumbers.framework/Versions/A/CorePhoneNumbers
0x00007fff5d3e5000 	/System/Library/PrivateFrameworks/AppleIDAuthSupport.framework/Versions/A/AppleIDAuthSupport
0x00007fff6abcd000 	/System/Library/PrivateFrameworks/KeychainCircle.framework/Versions/A/KeychainCircle
0x00007fff6fa29000 	/System/Library/PrivateFrameworks/ROCKit.framework/Versions/A/ROCKit
0x00007fff61bb7000 	/System/Library/PrivateFrameworks/CoreWiFi.framework/Versions/A/CoreWiFi
0x00007fff4ccf4000 	/System/Library/Frameworks/CoreBluetooth.framework/Versions/A/CoreBluetooth
0x00007fff61e12000 	/System/Library/PrivateFrameworks/DebugSymbols.framework/Versions/A/DebugSymbols
0x00007fff61783000 	/System/Library/PrivateFrameworks/CoreSymbolication.framework/Versions/A/CoreSymbolication
0x00007fff734e0000 	/System/Library/PrivateFrameworks/Symbolication.framework/Versions/A/Symbolication
0x00007fff72d83000 	/System/Library/PrivateFrameworks/SpeechRecognitionCore.framework/Versions/A/SpeechRecognitionCore
0x000000010cad7000 	/Library/Java/JavaVirtualMachines/jdk1.8.0_181.jdk/Contents/Home/jre/lib/server/libjvm.dylib
0x00007fff7856c000 	/usr/lib/libstdc++.6.dylib
0x000000010da8b000 	/Library/Java/JavaVirtualMachines/jdk1.8.0_181.jdk/Contents/Home/jre/lib/libverify.dylib
0x000000010da99000 	/Library/Java/JavaVirtualMachines/jdk1.8.0_181.jdk/Contents/Home/jre/lib/libjava.dylib
0x000000010dad0000 	/Library/Java/JavaVirtualMachines/jdk1.8.0_181.jdk/Contents/Home/jre/lib/libinstrument.dylib
0x000000010db6d000 	/Library/Java/JavaVirtualMachines/jdk1.8.0_181.jdk/Contents/Home/jre/lib/libzip.dylib
0x0000000114e7b000 	/Library/Java/JavaVirtualMachines/jdk1.8.0_181.jdk/Contents/Home/jre/lib/libnet.dylib
0x0000000114ff3000 	/Library/Java/JavaVirtualMachines/jdk1.8.0_181.jdk/Contents/Home/jre/lib/libprism_es2.dylib
0x00007fff6138b000 	/System/Library/PrivateFrameworks/CoreServicesInternal.framework/Versions/A/CoreServicesInternal
0x00007fff56e37000 	/System/Library/Frameworks/OpenGL.framework/Versions/A/Resources/GLEngine.bundle/GLEngine
0x00007fff562d9000 	/System/Library/Frameworks/OpenGL.framework/Versions/A/Libraries/libGLProgrammability.dylib
0x00007fff45965000 	/System/Library/Extensions/AppleIntelKBLGraphicsGLDriver.bundle/Contents/MacOS/AppleIntelKBLGraphicsGLDriver
0x00007fff68236000 	/System/Library/PrivateFrameworks/GPUSupport.framework/Versions/A/Libraries/libGPUSupportMercury.dylib
0x00007fff56fcf000 	/System/Library/Frameworks/OpenGL.framework/Versions/A/Resources/GLRendererFloat.bundle/GLRendererFloat
0x00007fff558a3000 	/System/Library/Frameworks/OpenCL.framework/Versions/A/Libraries/libcldcpuengine.dylib
0x00007fff7680f000 	/usr/lib/libcrypto.35.dylib
0x00007fff73e43000 	/System/Library/PrivateFrameworks/TrustEvaluationAgent.framework/Versions/A/TrustEvaluationAgent
0x00000001157fc000 	/Library/Java/JavaVirtualMachines/jdk1.8.0_181.jdk/Contents/Home/jre/lib/libglass.dylib
0x00007fff418f7000 	/System/Library/CoreServices/RawCamera.bundle/Contents/MacOS/RawCamera
0x00007fff6bae0000 	/System/Library/PrivateFrameworks/MobileAsset.framework/Versions/A/MobileAsset
0x00007fff7342e000 	/System/Library/PrivateFrameworks/StreamingZip.framework/Versions/A/StreamingZip
0x00007fff51692000 	/System/Library/Frameworks/MediaToolbox.framework/Versions/A/MediaToolbox
0x00007fff604dd000 	/System/Library/PrivateFrameworks/CoreAVCHD.framework/Versions/A/CoreAVCHD
0x00007fff515d8000 	/System/Library/Frameworks/MediaAccessibility.framework/Versions/A/MediaAccessibility
0x00007fff6b53c000 	/System/Library/PrivateFrameworks/Mangrove.framework/Versions/A/Mangrove
0x00007fff4e28b000 	/System/Library/Frameworks/CoreMedia.framework/Versions/A/CoreMedia
0x00007fff590ed000 	/System/Library/Frameworks/VideoToolbox.framework/Versions/A/VideoToolbox
0x00007fff600f9000 	/System/Library/PrivateFrameworks/CoreAUC.framework/Versions/A/CoreAUC
0x00007fff78299000 	/usr/lib/libspindump.dylib
0x00007fff5d7b4000 	/System/Library/PrivateFrameworks/AppleVA.framework/Versions/A/AppleVA
0x00007fff4957a000 	/System/Library/Frameworks/Accelerate.framework/Versions/A/Frameworks/vImage.framework/Versions/A/Libraries/libCGInterfaces.dylib
0x00007fff632f7000 	/System/Library/PrivateFrameworks/FamilyControls.framework/Versions/A/FamilyControls
0x00007fff5fc4a000 	/System/Library/PrivateFrameworks/CommerceKit.framework/Versions/A/Frameworks/CommerceCore.framework/Versions/A/CommerceCore
0x00007fff737b3000 	/System/Library/PrivateFrameworks/SystemAdministration.framework/Versions/A/SystemAdministration
0x00007fff5d087000 	/System/Library/PrivateFrameworks/AppContainer.framework/Versions/A/AppContainer
0x00007fff5d0a3000 	/System/Library/PrivateFrameworks/AppSandbox.framework/Versions/A/AppSandbox
0x00007fff712a0000 	/System/Library/PrivateFrameworks/SecCodeWrapper.framework/Versions/A/SecCodeWrapper
0x00007fff7824a000 	/usr/lib/libsandbox.1.dylib
0x00007fff75f7c000 	/usr/lib/libMatch.1.dylib
0x00007fff62197000 	/System/Library/PrivateFrameworks/DiskManagement.framework/Versions/A/DiskManagement
0x00007fff4f16e000 	/System/Library/Frameworks/DirectoryService.framework/Versions/A/DirectoryService
0x00007fff620c8000 	/System/Library/PrivateFrameworks/DiskImages.framework/Versions/A/DiskImages
0x00007fff6ae12000 	/System/Library/PrivateFrameworks/LoginUIKit.framework/Versions/A/Frameworks/LoginUICore.framework/Versions/A/LoginUICore
0x00007fff75c40000 	/usr/lib/libCoreStorage.dylib
0x00007fff76b0a000 	/usr/lib/libcsfde.dylib
0x00007fff780ca000 	/usr/lib/libodfde.dylib
0x00007fff6b654000 	/System/Library/PrivateFrameworks/MediaKit.framework/Versions/A/MediaKit
0x00007fff4f17a000 	/System/Library/Frameworks/DiscRecording.framework/Versions/A/DiscRecording
0x00007fff6230b000 	/System/Library/PrivateFrameworks/EFILogin.framework/Versions/A/EFILogin
0x00007fff6f81e000 	/System/Library/PrivateFrameworks/ProtectedCloudStorage.framework/Versions/A/ProtectedCloudStorage
0x00007fff76b9c000 	/usr/lib/libcurl.4.dylib
0x00007fff76a09000 	/usr/lib/libcrypto.42.dylib
0x00007fff7853c000 	/usr/lib/libssl.44.dylib
0x00007fff5131f000 	/System/Library/Frameworks/LDAP.framework/Versions/A/LDAP
0x00007fff78286000 	/usr/lib/libsasl2.2.dylib
0x00007fff60736000 	/System/Library/PrivateFrameworks/CoreDaemon.framework/Versions/B/CoreDaemon
0x00007fff5d6c9000 	/System/Library/PrivateFrameworks/AppleSRP.framework/Versions/A/AppleSRP
0x00007fff74c7d000 	/System/Library/PrivateFrameworks/ViewBridge.framework/Versions/A/ViewBridge
0x0000000118ff5000 	/Library/Java/JavaVirtualMachines/jdk1.8.0_181.jdk/Contents/Home/jre/lib/libmanagement.dylib
0x0000000115278000 	/Library/Java/JavaVirtualMachines/jdk1.8.0_181.jdk/Contents/Home/jre/lib/libnio.dylib
0x00007fff4b86d000 	/System/Library/Frameworks/ApplicationServices.framework/Versions/A/Frameworks/ATS.framework/Versions/A/Resources/libTrueTypeScaler.dylib
0x00007fff4673a000 	/System/Library/Extensions/AppleIntelKBLGraphicsMTLDriver.bundle/Contents/MacOS/AppleIntelKBLGraphicsMTLDriver
0x00007fff66ba1000 	/System/Library/PrivateFrameworks/GPUCompiler.framework/Versions/3902/Libraries/libmetal_timestamp.dylib
0x0000000129bc4000 	/Library/Java/JavaVirtualMachines/jdk1.8.0_181.jdk/Contents/Home/jre/lib/libjfxwebkit.dylib
0x00000001192d9000 	/Library/Java/JavaVirtualMachines/jdk1.8.0_181.jdk/Contents/Home/jre/lib/libjavafx_font.dylib
0x0000000115255000 	/usr/lib/libobjc-trampolines.dylib
0x0000000130223000 	/Library/Java/JavaVirtualMachines/jdk1.8.0_181.jdk/Contents/Home/jre/lib/libsunec.dylib
0x000000012d7e1000 	/Library/Java/JavaVirtualMachines/jdk1.8.0_181.jdk/Contents/Home/jre/lib/libprism_common.dylib

VM Arguments:
jvm_args: -javaagent:/Applications/IntelliJ IDEA.app/Contents/lib/idea_rt.jar=57963:/Applications/IntelliJ IDEA.app/Contents/bin -Dfile.encoding=UTF-8 
java_command: io.github.makbn.jlmap.Leaflet
java_class_path (initial): /Library/Java/JavaVirtualMachines/jdk1.8.0_181.jdk/Contents/Home/jre/lib/charsets.jar:/Library/Java/JavaVirtualMachines/jdk1.8.0_181.jdk/Contents/Home/jre/lib/deploy.jar:/Library/Java/JavaVirtualMachines/jdk1.8.0_181.jdk/Contents/Home/jre/lib/ext/cldrdata.jar:/Library/Java/JavaVirtualMachines/jdk1.8.0_181.jdk/Contents/Home/jre/lib/ext/dnsns.jar:/Library/Java/JavaVirtualMachines/jdk1.8.0_181.jdk/Contents/Home/jre/lib/ext/jaccess.jar:/Library/Java/JavaVirtualMachines/jdk1.8.0_181.jdk/Contents/Home/jre/lib/ext/jfxrt.jar:/Library/Java/JavaVirtualMachines/jdk1.8.0_181.jdk/Contents/Home/jre/lib/ext/localedata.jar:/Library/Java/JavaVirtualMachines/jdk1.8.0_181.jdk/Contents/Home/jre/lib/ext/nashorn.jar:/Library/Java/JavaVirtualMachines/jdk1.8.0_181.jdk/Contents/Home/jre/lib/ext/sunec.jar:/Library/Java/JavaVirtualMachines/jdk1.8.0_181.jdk/Contents/Home/jre/lib/ext/sunjce_provider.jar:/Library/Java/JavaVirtualMachines/jdk1.8.0_181.jdk/Contents/Home/jre/lib/ext/sunpkcs11.jar:/Library/Java/JavaVirtualMachines/jdk1.8.0_181.jdk/Contents/Home/jre/lib/ext/zipfs.jar:/Library/Java/JavaVirtualMachines/jdk1.8.0_181.jdk/Contents/Home/jre/lib/javaws.jar:/Library/Java/JavaVirtualMachines/jdk1.8.0_181.jdk/Contents/Home/jre/lib/jce.jar:/Library/Java/JavaVirtualMachines/jdk1.8.0_181.jdk/Contents/Home/jre/lib/jfr.jar:/Library/Java/JavaVirtualMachines/jdk1.8.0_181.jdk/Contents/Home/jre/lib/jfxswt.jar:/Library/Java/JavaVirtualMachines/jdk1.8.0_181.jdk/Contents/Home/jre/lib/jsse.jar:/Library/Java/JavaVirtualMachines/jdk1.8.0_181.jdk/Contents/Home/jre/lib/management-agent.jar:/Library/Java/JavaVirtualMachines/jdk1.8.0_181.jdk/Contents/Home/jre/lib/plugin.jar:/Library/Java/JavaVirtualMachines/jdk1.8.0_181.jdk/Contents/Home/jre/lib/resources.jar:/Library/Java/JavaVirtualMachines/jdk1.8.0_181.jdk/Contents/Home/jre/lib/rt.jar:/Library/Java/JavaVirtualMachines/jdk1.8.0_181.jdk/Contents/Home/lib/ant-javafx.jar:/Library/Java/JavaVirtualMachines/jdk1.8.0_181.jdk/Contents/Home
Launcher Type: SUN_STANDARD

Environment Variables:
PATH=/usr/local/bin:/usr/bin:/bin:/usr/sbin:/sbin
SHELL=/bin/bash

Signal Handlers:
SIGSEGV: [libjvm.dylib+0x5b6029], sa_mask[0]=11111111011111110111111111111111, sa_flags=SA_ONSTACK|SA_RESTART|SA_SIGINFO
SIGBUS: [libjvm.dylib+0x5b6029], sa_mask[0]=11111111011111110111111111111111, sa_flags=SA_RESTART|SA_SIGINFO
SIGFPE: [libjvm.dylib+0x48b934], sa_mask[0]=11111111011111110111111111111111, sa_flags=SA_RESTART|SA_SIGINFO
SIGPIPE: [libjvm.dylib+0x48b934], sa_mask[0]=11111111011111110111111111111111, sa_flags=SA_RESTART|SA_SIGINFO
SIGXFSZ: [libjvm.dylib+0x48b934], sa_mask[0]=11111111011111110111111111111111, sa_flags=SA_RESTART|SA_SIGINFO
SIGILL: [libjvm.dylib+0x48b934], sa_mask[0]=11111111011111110111111111111111, sa_flags=SA_RESTART|SA_SIGINFO
SIGUSR1: SIG_DFL, sa_mask[0]=00000000000000000000000000000000, sa_flags=none
SIGUSR2: [libjvm.dylib+0x48b452], sa_mask[0]=00100000000000000000000000000000, sa_flags=SA_RESTART|SA_SIGINFO
SIGHUP: [libjvm.dylib+0x489a1d], sa_mask[0]=11111111011111110111111111111111, sa_flags=SA_RESTART|SA_SIGINFO
SIGINT: [libjvm.dylib+0x489a1d], sa_mask[0]=11111111011111110111111111111111, sa_flags=SA_RESTART|SA_SIGINFO
SIGTERM: [libjvm.dylib+0x489a1d], sa_mask[0]=11111111011111110111111111111111, sa_flags=SA_RESTART|SA_SIGINFO
SIGQUIT: [libjvm.dylib+0x489a1d], sa_mask[0]=11111111011111110111111111111111, sa_flags=SA_RESTART|SA_SIGINFO


---------------  S Y S T E M  ---------------

OS:Bsduname:Darwin 18.7.0 Darwin Kernel Version 18.7.0: Tue Aug 20 16:57:14 PDT 2019; root:xnu-4903.271.2~2/RELEASE_X86_64 x86_64
rlimit: STACK 8192k, CORE 0k, NPROC 709, NOFILE 10240, AS infinity
load average:3.10 3.45 3.28

CPU:total 4 (initial active 4) (2 cores per cpu, 2 threads per core) family 6 model 142 stepping 9, cmov, cx8, fxsr, mmx, sse, sse2, sse3, ssse3, sse4.1, sse4.2, popcnt, avx, avx2, aes, clmul, erms, rtm, 3dnowpref, lzcnt, ht, tsc, tscinvbit, bmi1, bmi2, adx

Memory: 4k page, physical 8388608k(148992k free)

/proc/meminfo:


vm_info: Java HotSpot(TM) 64-Bit Server VM (25.181-b13) for bsd-amd64 JRE (1.8.0_181-b13), built on Jul  7 2018 01:02:31 by "java_re" with gcc 4.2.1 (Based on Apple Inc. build 5658) (LLVM build 2336.11.00)

time: Wed Jun 24 00:16:06 2020
elapsed time: 30 seconds (0d 0h 0m 30s)

